-------------------------------------------------------------------------------
Test set: org.opennms.netmgt.capsd.SNMP4JV3IfSnmpCollectorTest
-------------------------------------------------------------------------------
Tests run: 19, Failures: 0, Errors: 19, Skipped: 0, Time elapsed: 0.546 sec <<< FAILURE!
testFailed(org.opennms.netmgt.capsd.SNMP4JV3IfSnmpCollectorTest)  Time elapsed: 0.289 sec  <<< ERROR!
org.postgresql.util.PSQLException: FATAL: password authentication failed for user "postgres"
	at org.postgresql.core.v3.ConnectionFactoryImpl.doAuthentication(ConnectionFactoryImpl.java:291)
	at org.postgresql.core.v3.ConnectionFactoryImpl.openConnectionImpl(ConnectionFactoryImpl.java:108)
	at org.postgresql.core.ConnectionFactory.openConnection(ConnectionFactory.java:66)
	at org.postgresql.jdbc2.AbstractJdbc2Connection.<init>(AbstractJdbc2Connection.java:125)
	at org.postgresql.jdbc3.AbstractJdbc3Connection.<init>(AbstractJdbc3Connection.java:30)
	at org.postgresql.jdbc3.Jdbc3Connection.<init>(Jdbc3Connection.java:24)
	at org.postgresql.Driver.makeConnection(Driver.java:393)
	at org.postgresql.Driver.connect(Driver.java:267)
	at java.sql.DriverManager.getConnection(DriverManager.java:620)
	at java.sql.DriverManager.getConnection(DriverManager.java:169)
	at org.opennms.netmgt.dao.db.SimpleDataSource.getConnection(SimpleDataSource.java:90)
	at org.opennms.netmgt.dao.db.TemporaryDatabase.createTestDatabase(TemporaryDatabase.java:289)
	at org.opennms.netmgt.dao.db.TemporaryDatabase.setupDatabase(TemporaryDatabase.java:277)
	at org.opennms.netmgt.dao.db.TemporaryDatabase.create(TemporaryDatabase.java:133)
	at org.opennms.netmgt.mock.MockDatabase.<init>(MockDatabase.java:76)
	at org.opennms.netmgt.mock.MockDatabase.<init>(MockDatabase.java:61)
	at org.opennms.netmgt.mock.OpenNMSTestCase.populateDatabase(OpenNMSTestCase.java:234)
	at org.opennms.netmgt.mock.OpenNMSTestCase.setUp(OpenNMSTestCase.java:146)
	at org.opennms.netmgt.capsd.IfSnmpCollectorTestCase.setUp(IfSnmpCollectorTestCase.java:74)
	at org.opennms.netmgt.capsd.IfSnmpCollectorTestCase$SNMP4JIfSnmpCollectorTestCase.setUp(IfSnmpCollectorTestCase.java:67)
	at org.opennms.netmgt.capsd.SNMP4JV3IfSnmpCollectorTest.setUp(SNMP4JV3IfSnmpCollectorTest.java:36)
	at junit.framework.TestCase.runBare(TestCase.java:132)
	at junit.framework.TestResult$1.protect(TestResult.java:110)
	at junit.framework.TestResult.runProtected(TestResult.java:128)
	at junit.framework.TestResult.run(TestResult.java:113)
	at junit.framework.TestCase.run(TestCase.java:124)
	at junit.framework.TestSuite.runTest(TestSuite.java:243)
	at junit.framework.TestSuite.run(TestSuite.java:238)
	at org.junit.internal.runners.JUnit38ClassRunner.run(JUnit38ClassRunner.java:83)
	at org.apache.maven.surefire.junit4.JUnit4TestSet.execute(JUnit4TestSet.java:59)
	at org.apache.maven.surefire.suite.AbstractDirectoryTestSuite.executeTestSet(AbstractDirectoryTestSuite.java:115)
	at org.apache.maven.surefire.suite.AbstractDirectoryTestSuite.execute(AbstractDirectoryTestSuite.java:140)
	at org.apache.maven.surefire.Surefire.run(Surefire.java:109)
	at sun.reflect.NativeMethodAccessorImpl.invoke0(Native Method)
	at sun.reflect.NativeMethodAccessorImpl.invoke(NativeMethodAccessorImpl.java:57)
	at sun.reflect.DelegatingMethodAccessorImpl.invoke(DelegatingMethodAccessorImpl.java:43)
	at java.lang.reflect.Method.invoke(Method.java:616)
	at org.apache.maven.surefire.booter.SurefireBooter.runSuitesInProcess(SurefireBooter.java:290)
	at org.apache.maven.surefire.booter.SurefireBooter.main(SurefireBooter.java:1017)

testIfSnmpCollector(org.opennms.netmgt.capsd.SNMP4JV3IfSnmpCollectorTest)  Time elapsed: 0.007 sec  <<< ERROR!
org.postgresql.util.PSQLException: FATAL: password authentication failed for user "postgres"
	at org.postgresql.core.v3.ConnectionFactoryImpl.doAuthentication(ConnectionFactoryImpl.java:291)
	at org.postgresql.core.v3.ConnectionFactoryImpl.openConnectionImpl(ConnectionFactoryImpl.java:108)
	at org.postgresql.core.ConnectionFactory.openConnection(ConnectionFactory.java:66)
	at org.postgresql.jdbc2.AbstractJdbc2Connection.<init>(AbstractJdbc2Connection.java:125)
	at org.postgresql.jdbc3.AbstractJdbc3Connection.<init>(AbstractJdbc3Connection.java:30)
	at org.postgresql.jdbc3.Jdbc3Connection.<init>(Jdbc3Connection.java:24)
	at org.postgresql.Driver.makeConnection(Driver.java:393)
	at org.postgresql.Driver.connect(Driver.java:267)
	at java.sql.DriverManager.getConnection(DriverManager.java:620)
	at java.sql.DriverManager.getConnection(DriverManager.java:169)
	at org.opennms.netmgt.dao.db.SimpleDataSource.getConnection(SimpleDataSource.java:90)
	at org.opennms.netmgt.dao.db.TemporaryDatabase.createTestDatabase(TemporaryDatabase.java:289)
	at org.opennms.netmgt.dao.db.TemporaryDatabase.setupDatabase(TemporaryDatabase.java:277)
	at org.opennms.netmgt.dao.db.TemporaryDatabase.create(TemporaryDatabase.java:133)
	at org.opennms.netmgt.mock.MockDatabase.<init>(MockDatabase.java:76)
	at org.opennms.netmgt.mock.MockDatabase.<init>(MockDatabase.java:61)
	at org.opennms.netmgt.mock.OpenNMSTestCase.populateDatabase(OpenNMSTestCase.java:234)
	at org.opennms.netmgt.mock.OpenNMSTestCase.setUp(OpenNMSTestCase.java:146)
	at org.opennms.netmgt.capsd.IfSnmpCollectorTestCase.setUp(IfSnmpCollectorTestCase.java:74)
	at org.opennms.netmgt.capsd.IfSnmpCollectorTestCase$SNMP4JIfSnmpCollectorTestCase.setUp(IfSnmpCollectorTestCase.java:67)
	at org.opennms.netmgt.capsd.SNMP4JV3IfSnmpCollectorTest.setUp(SNMP4JV3IfSnmpCollectorTest.java:36)
	at junit.framework.TestCase.runBare(TestCase.java:132)
	at junit.framework.TestResult$1.protect(TestResult.java:110)
	at junit.framework.TestResult.runProtected(TestResult.java:128)
	at junit.framework.TestResult.run(TestResult.java:113)
	at junit.framework.TestCase.run(TestCase.java:124)
	at junit.framework.TestSuite.runTest(TestSuite.java:243)
	at junit.framework.TestSuite.run(TestSuite.java:238)
	at org.junit.internal.runners.JUnit38ClassRunner.run(JUnit38ClassRunner.java:83)
	at org.apache.maven.surefire.junit4.JUnit4TestSet.execute(JUnit4TestSet.java:59)
	at org.apache.maven.surefire.suite.AbstractDirectoryTestSuite.executeTestSet(AbstractDirectoryTestSuite.java:115)
	at org.apache.maven.surefire.suite.AbstractDirectoryTestSuite.execute(AbstractDirectoryTestSuite.java:140)
	at org.apache.maven.surefire.Surefire.run(Surefire.java:109)
	at sun.reflect.NativeMethodAccessorImpl.invoke0(Native Method)
	at sun.reflect.NativeMethodAccessorImpl.invoke(NativeMethodAccessorImpl.java:57)
	at sun.reflect.DelegatingMethodAccessorImpl.invoke(DelegatingMethodAccessorImpl.java:43)
	at java.lang.reflect.Method.invoke(Method.java:616)
	at org.apache.maven.surefire.booter.SurefireBooter.runSuitesInProcess(SurefireBooter.java:290)
	at org.apache.maven.surefire.booter.SurefireBooter.main(SurefireBooter.java:1017)

testHasSystemGroup(org.opennms.netmgt.capsd.SNMP4JV3IfSnmpCollectorTest)  Time elapsed: 0.009 sec  <<< ERROR!
org.postgresql.util.PSQLException: FATAL: password authentication failed for user "postgres"
	at org.postgresql.core.v3.ConnectionFactoryImpl.doAuthentication(ConnectionFactoryImpl.java:291)
	at org.postgresql.core.v3.ConnectionFactoryImpl.openConnectionImpl(ConnectionFactoryImpl.java:108)
	at org.postgresql.core.ConnectionFactory.openConnection(ConnectionFactory.java:66)
	at org.postgresql.jdbc2.AbstractJdbc2Connection.<init>(AbstractJdbc2Connection.java:125)
	at org.postgresql.jdbc3.AbstractJdbc3Connection.<init>(AbstractJdbc3Connection.java:30)
	at org.postgresql.jdbc3.Jdbc3Connection.<init>(Jdbc3Connection.java:24)
	at org.postgresql.Driver.makeConnection(Driver.java:393)
	at org.postgresql.Driver.connect(Driver.java:267)
	at java.sql.DriverManager.getConnection(DriverManager.java:620)
	at java.sql.DriverManager.getConnection(DriverManager.java:169)
	at org.opennms.netmgt.dao.db.SimpleDataSource.getConnection(SimpleDataSource.java:90)
	at org.opennms.netmgt.dao.db.TemporaryDatabase.createTestDatabase(TemporaryDatabase.java:289)
	at org.opennms.netmgt.dao.db.TemporaryDatabase.setupDatabase(TemporaryDatabase.java:277)
	at org.opennms.netmgt.dao.db.TemporaryDatabase.create(TemporaryDatabase.java:133)
	at org.opennms.netmgt.mock.MockDatabase.<init>(MockDatabase.java:76)
	at org.opennms.netmgt.mock.MockDatabase.<init>(MockDatabase.java:61)
	at org.opennms.netmgt.mock.OpenNMSTestCase.populateDatabase(OpenNMSTestCase.java:234)
	at org.opennms.netmgt.mock.OpenNMSTestCase.setUp(OpenNMSTestCase.java:146)
	at org.opennms.netmgt.capsd.IfSnmpCollectorTestCase.setUp(IfSnmpCollectorTestCase.java:74)
	at org.opennms.netmgt.capsd.IfSnmpCollectorTestCase$SNMP4JIfSnmpCollectorTestCase.setUp(IfSnmpCollectorTestCase.java:67)
	at org.opennms.netmgt.capsd.SNMP4JV3IfSnmpCollectorTest.setUp(SNMP4JV3IfSnmpCollectorTest.java:36)
	at junit.framework.TestCase.runBare(TestCase.java:132)
	at junit.framework.TestResult$1.protect(TestResult.java:110)
	at junit.framework.TestResult.runProtected(TestResult.java:128)
	at junit.framework.TestResult.run(TestResult.java:113)
	at junit.framework.TestCase.run(TestCase.java:124)
	at junit.framework.TestSuite.runTest(TestSuite.java:243)
	at junit.framework.TestSuite.run(TestSuite.java:238)
	at org.junit.internal.runners.JUnit38ClassRunner.run(JUnit38ClassRunner.java:83)
	at org.apache.maven.surefire.junit4.JUnit4TestSet.execute(JUnit4TestSet.java:59)
	at org.apache.maven.surefire.suite.AbstractDirectoryTestSuite.executeTestSet(AbstractDirectoryTestSuite.java:115)
	at org.apache.maven.surefire.suite.AbstractDirectoryTestSuite.execute(AbstractDirectoryTestSuite.java:140)
	at org.apache.maven.surefire.Surefire.run(Surefire.java:109)
	at sun.reflect.NativeMethodAccessorImpl.invoke0(Native Method)
	at sun.reflect.NativeMethodAccessorImpl.invoke(NativeMethodAccessorImpl.java:57)
	at sun.reflect.DelegatingMethodAccessorImpl.invoke(DelegatingMethodAccessorImpl.java:43)
	at java.lang.reflect.Method.invoke(Method.java:616)
	at org.apache.maven.surefire.booter.SurefireBooter.runSuitesInProcess(SurefireBooter.java:290)
	at org.apache.maven.surefire.booter.SurefireBooter.main(SurefireBooter.java:1017)

testGetSystemGroup(org.opennms.netmgt.capsd.SNMP4JV3IfSnmpCollectorTest)  Time elapsed: 0.005 sec  <<< ERROR!
org.postgresql.util.PSQLException: FATAL: password authentication failed for user "postgres"
	at org.postgresql.core.v3.ConnectionFactoryImpl.doAuthentication(ConnectionFactoryImpl.java:291)
	at org.postgresql.core.v3.ConnectionFactoryImpl.openConnectionImpl(ConnectionFactoryImpl.java:108)
	at org.postgresql.core.ConnectionFactory.openConnection(ConnectionFactory.java:66)
	at org.postgresql.jdbc2.AbstractJdbc2Connection.<init>(AbstractJdbc2Connection.java:125)
	at org.postgresql.jdbc3.AbstractJdbc3Connection.<init>(AbstractJdbc3Connection.java:30)
	at org.postgresql.jdbc3.Jdbc3Connection.<init>(Jdbc3Connection.java:24)
	at org.postgresql.Driver.makeConnection(Driver.java:393)
	at org.postgresql.Driver.connect(Driver.java:267)
	at java.sql.DriverManager.getConnection(DriverManager.java:620)
	at java.sql.DriverManager.getConnection(DriverManager.java:169)
	at org.opennms.netmgt.dao.db.SimpleDataSource.getConnection(SimpleDataSource.java:90)
	at org.opennms.netmgt.dao.db.TemporaryDatabase.createTestDatabase(TemporaryDatabase.java:289)
	at org.opennms.netmgt.dao.db.TemporaryDatabase.setupDatabase(TemporaryDatabase.java:277)
	at org.opennms.netmgt.dao.db.TemporaryDatabase.create(TemporaryDatabase.java:133)
	at org.opennms.netmgt.mock.MockDatabase.<init>(MockDatabase.java:76)
	at org.opennms.netmgt.mock.MockDatabase.<init>(MockDatabase.java:61)
	at org.opennms.netmgt.mock.OpenNMSTestCase.populateDatabase(OpenNMSTestCase.java:234)
	at org.opennms.netmgt.mock.OpenNMSTestCase.setUp(OpenNMSTestCase.java:146)
	at org.opennms.netmgt.capsd.IfSnmpCollectorTestCase.setUp(IfSnmpCollectorTestCase.java:74)
	at org.opennms.netmgt.capsd.IfSnmpCollectorTestCase$SNMP4JIfSnmpCollectorTestCase.setUp(IfSnmpCollectorTestCase.java:67)
	at org.opennms.netmgt.capsd.SNMP4JV3IfSnmpCollectorTest.setUp(SNMP4JV3IfSnmpCollectorTest.java:36)
	at junit.framework.TestCase.runBare(TestCase.java:132)
	at junit.framework.TestResult$1.protect(TestResult.java:110)
	at junit.framework.TestResult.runProtected(TestResult.java:128)
	at junit.framework.TestResult.run(TestResult.java:113)
	at junit.framework.TestCase.run(TestCase.java:124)
	at junit.framework.TestSuite.runTest(TestSuite.java:243)
	at junit.framework.TestSuite.run(TestSuite.java:238)
	at org.junit.internal.runners.JUnit38ClassRunner.run(JUnit38ClassRunner.java:83)
	at org.apache.maven.surefire.junit4.JUnit4TestSet.execute(JUnit4TestSet.java:59)
	at org.apache.maven.surefire.suite.AbstractDirectoryTestSuite.executeTestSet(AbstractDirectoryTestSuite.java:115)
	at org.apache.maven.surefire.suite.AbstractDirectoryTestSuite.execute(AbstractDirectoryTestSuite.java:140)
	at org.apache.maven.surefire.Surefire.run(Surefire.java:109)
	at sun.reflect.NativeMethodAccessorImpl.invoke0(Native Method)
	at sun.reflect.NativeMethodAccessorImpl.invoke(NativeMethodAccessorImpl.java:57)
	at sun.reflect.DelegatingMethodAccessorImpl.invoke(DelegatingMethodAccessorImpl.java:43)
	at java.lang.reflect.Method.invoke(Method.java:616)
	at org.apache.maven.surefire.booter.SurefireBooter.runSuitesInProcess(SurefireBooter.java:290)
	at org.apache.maven.surefire.booter.SurefireBooter.main(SurefireBooter.java:1017)

testHasIfTable(org.opennms.netmgt.capsd.SNMP4JV3IfSnmpCollectorTest)  Time elapsed: 0.005 sec  <<< ERROR!
org.postgresql.util.PSQLException: FATAL: password authentication failed for user "postgres"
	at org.postgresql.core.v3.ConnectionFactoryImpl.doAuthentication(ConnectionFactoryImpl.java:291)
	at org.postgresql.core.v3.ConnectionFactoryImpl.openConnectionImpl(ConnectionFactoryImpl.java:108)
	at org.postgresql.core.ConnectionFactory.openConnection(ConnectionFactory.java:66)
	at org.postgresql.jdbc2.AbstractJdbc2Connection.<init>(AbstractJdbc2Connection.java:125)
	at org.postgresql.jdbc3.AbstractJdbc3Connection.<init>(AbstractJdbc3Connection.java:30)
	at org.postgresql.jdbc3.Jdbc3Connection.<init>(Jdbc3Connection.java:24)
	at org.postgresql.Driver.makeConnection(Driver.java:393)
	at org.postgresql.Driver.connect(Driver.java:267)
	at java.sql.DriverManager.getConnection(DriverManager.java:620)
	at java.sql.DriverManager.getConnection(DriverManager.java:169)
	at org.opennms.netmgt.dao.db.SimpleDataSource.getConnection(SimpleDataSource.java:90)
	at org.opennms.netmgt.dao.db.TemporaryDatabase.createTestDatabase(TemporaryDatabase.java:289)
	at org.opennms.netmgt.dao.db.TemporaryDatabase.setupDatabase(TemporaryDatabase.java:277)
	at org.opennms.netmgt.dao.db.TemporaryDatabase.create(TemporaryDatabase.java:133)
	at org.opennms.netmgt.mock.MockDatabase.<init>(MockDatabase.java:76)
	at org.opennms.netmgt.mock.MockDatabase.<init>(MockDatabase.java:61)
	at org.opennms.netmgt.mock.OpenNMSTestCase.populateDatabase(OpenNMSTestCase.java:234)
	at org.opennms.netmgt.mock.OpenNMSTestCase.setUp(OpenNMSTestCase.java:146)
	at org.opennms.netmgt.capsd.IfSnmpCollectorTestCase.setUp(IfSnmpCollectorTestCase.java:74)
	at org.opennms.netmgt.capsd.IfSnmpCollectorTestCase$SNMP4JIfSnmpCollectorTestCase.setUp(IfSnmpCollectorTestCase.java:67)
	at org.opennms.netmgt.capsd.SNMP4JV3IfSnmpCollectorTest.setUp(SNMP4JV3IfSnmpCollectorTest.java:36)
	at junit.framework.TestCase.runBare(TestCase.java:132)
	at junit.framework.TestResult$1.protect(TestResult.java:110)
	at junit.framework.TestResult.runProtected(TestResult.java:128)
	at junit.framework.TestResult.run(TestResult.java:113)
	at junit.framework.TestCase.run(TestCase.java:124)
	at junit.framework.TestSuite.runTest(TestSuite.java:243)
	at junit.framework.TestSuite.run(TestSuite.java:238)
	at org.junit.internal.runners.JUnit38ClassRunner.run(JUnit38ClassRunner.java:83)
	at org.apache.maven.surefire.junit4.JUnit4TestSet.execute(JUnit4TestSet.java:59)
	at org.apache.maven.surefire.suite.AbstractDirectoryTestSuite.executeTestSet(AbstractDirectoryTestSuite.java:115)
	at org.apache.maven.surefire.suite.AbstractDirectoryTestSuite.execute(AbstractDirectoryTestSuite.java:140)
	at org.apache.maven.surefire.Surefire.run(Surefire.java:109)
	at sun.reflect.NativeMethodAccessorImpl.invoke0(Native Method)
	at sun.reflect.NativeMethodAccessorImpl.invoke(NativeMethodAccessorImpl.java:57)
	at sun.reflect.DelegatingMethodAccessorImpl.invoke(DelegatingMethodAccessorImpl.java:43)
	at java.lang.reflect.Method.invoke(Method.java:616)
	at org.apache.maven.surefire.booter.SurefireBooter.runSuitesInProcess(SurefireBooter.java:290)
	at org.apache.maven.surefire.booter.SurefireBooter.main(SurefireBooter.java:1017)

testGetIfTable(org.opennms.netmgt.capsd.SNMP4JV3IfSnmpCollectorTest)  Time elapsed: 0.008 sec  <<< ERROR!
org.postgresql.util.PSQLException: FATAL: password authentication failed for user "postgres"
	at org.postgresql.core.v3.ConnectionFactoryImpl.doAuthentication(ConnectionFactoryImpl.java:291)
	at org.postgresql.core.v3.ConnectionFactoryImpl.openConnectionImpl(ConnectionFactoryImpl.java:108)
	at org.postgresql.core.ConnectionFactory.openConnection(ConnectionFactory.java:66)
	at org.postgresql.jdbc2.AbstractJdbc2Connection.<init>(AbstractJdbc2Connection.java:125)
	at org.postgresql.jdbc3.AbstractJdbc3Connection.<init>(AbstractJdbc3Connection.java:30)
	at org.postgresql.jdbc3.Jdbc3Connection.<init>(Jdbc3Connection.java:24)
	at org.postgresql.Driver.makeConnection(Driver.java:393)
	at org.postgresql.Driver.connect(Driver.java:267)
	at java.sql.DriverManager.getConnection(DriverManager.java:620)
	at java.sql.DriverManager.getConnection(DriverManager.java:169)
	at org.opennms.netmgt.dao.db.SimpleDataSource.getConnection(SimpleDataSource.java:90)
	at org.opennms.netmgt.dao.db.TemporaryDatabase.createTestDatabase(TemporaryDatabase.java:289)
	at org.opennms.netmgt.dao.db.TemporaryDatabase.setupDatabase(TemporaryDatabase.java:277)
	at org.opennms.netmgt.dao.db.TemporaryDatabase.create(TemporaryDatabase.java:133)
	at org.opennms.netmgt.mock.MockDatabase.<init>(MockDatabase.java:76)
	at org.opennms.netmgt.mock.MockDatabase.<init>(MockDatabase.java:61)
	at org.opennms.netmgt.mock.OpenNMSTestCase.populateDatabase(OpenNMSTestCase.java:234)
	at org.opennms.netmgt.mock.OpenNMSTestCase.setUp(OpenNMSTestCase.java:146)
	at org.opennms.netmgt.capsd.IfSnmpCollectorTestCase.setUp(IfSnmpCollectorTestCase.java:74)
	at org.opennms.netmgt.capsd.IfSnmpCollectorTestCase$SNMP4JIfSnmpCollectorTestCase.setUp(IfSnmpCollectorTestCase.java:67)
	at org.opennms.netmgt.capsd.SNMP4JV3IfSnmpCollectorTest.setUp(SNMP4JV3IfSnmpCollectorTest.java:36)
	at junit.framework.TestCase.runBare(TestCase.java:132)
	at junit.framework.TestResult$1.protect(TestResult.java:110)
	at junit.framework.TestResult.runProtected(TestResult.java:128)
	at junit.framework.TestResult.run(TestResult.java:113)
	at junit.framework.TestCase.run(TestCase.java:124)
	at junit.framework.TestSuite.runTest(TestSuite.java:243)
	at junit.framework.TestSuite.run(TestSuite.java:238)
	at org.junit.internal.runners.JUnit38ClassRunner.run(JUnit38ClassRunner.java:83)
	at org.apache.maven.surefire.junit4.JUnit4TestSet.execute(JUnit4TestSet.java:59)
	at org.apache.maven.surefire.suite.AbstractDirectoryTestSuite.executeTestSet(AbstractDirectoryTestSuite.java:115)
	at org.apache.maven.surefire.suite.AbstractDirectoryTestSuite.execute(AbstractDirectoryTestSuite.java:140)
	at org.apache.maven.surefire.Surefire.run(Surefire.java:109)
	at sun.reflect.NativeMethodAccessorImpl.invoke0(Native Method)
	at sun.reflect.NativeMethodAccessorImpl.invoke(NativeMethodAccessorImpl.java:57)
	at sun.reflect.DelegatingMethodAccessorImpl.invoke(DelegatingMethodAccessorImpl.java:43)
	at java.lang.reflect.Method.invoke(Method.java:616)
	at org.apache.maven.surefire.booter.SurefireBooter.runSuitesInProcess(SurefireBooter.java:290)
	at org.apache.maven.surefire.booter.SurefireBooter.main(SurefireBooter.java:1017)

testHasIpAddrTable(org.opennms.netmgt.capsd.SNMP4JV3IfSnmpCollectorTest)  Time elapsed: 0.005 sec  <<< ERROR!
org.postgresql.util.PSQLException: FATAL: password authentication failed for user "postgres"
	at org.postgresql.core.v3.ConnectionFactoryImpl.doAuthentication(ConnectionFactoryImpl.java:291)
	at org.postgresql.core.v3.ConnectionFactoryImpl.openConnectionImpl(ConnectionFactoryImpl.java:108)
	at org.postgresql.core.ConnectionFactory.openConnection(ConnectionFactory.java:66)
	at org.postgresql.jdbc2.AbstractJdbc2Connection.<init>(AbstractJdbc2Connection.java:125)
	at org.postgresql.jdbc3.AbstractJdbc3Connection.<init>(AbstractJdbc3Connection.java:30)
	at org.postgresql.jdbc3.Jdbc3Connection.<init>(Jdbc3Connection.java:24)
	at org.postgresql.Driver.makeConnection(Driver.java:393)
	at org.postgresql.Driver.connect(Driver.java:267)
	at java.sql.DriverManager.getConnection(DriverManager.java:620)
	at java.sql.DriverManager.getConnection(DriverManager.java:169)
	at org.opennms.netmgt.dao.db.SimpleDataSource.getConnection(SimpleDataSource.java:90)
	at org.opennms.netmgt.dao.db.TemporaryDatabase.createTestDatabase(TemporaryDatabase.java:289)
	at org.opennms.netmgt.dao.db.TemporaryDatabase.setupDatabase(TemporaryDatabase.java:277)
	at org.opennms.netmgt.dao.db.TemporaryDatabase.create(TemporaryDatabase.java:133)
	at org.opennms.netmgt.mock.MockDatabase.<init>(MockDatabase.java:76)
	at org.opennms.netmgt.mock.MockDatabase.<init>(MockDatabase.java:61)
	at org.opennms.netmgt.mock.OpenNMSTestCase.populateDatabase(OpenNMSTestCase.java:234)
	at org.opennms.netmgt.mock.OpenNMSTestCase.setUp(OpenNMSTestCase.java:146)
	at org.opennms.netmgt.capsd.IfSnmpCollectorTestCase.setUp(IfSnmpCollectorTestCase.java:74)
	at org.opennms.netmgt.capsd.IfSnmpCollectorTestCase$SNMP4JIfSnmpCollectorTestCase.setUp(IfSnmpCollectorTestCase.java:67)
	at org.opennms.netmgt.capsd.SNMP4JV3IfSnmpCollectorTest.setUp(SNMP4JV3IfSnmpCollectorTest.java:36)
	at junit.framework.TestCase.runBare(TestCase.java:132)
	at junit.framework.TestResult$1.protect(TestResult.java:110)
	at junit.framework.TestResult.runProtected(TestResult.java:128)
	at junit.framework.TestResult.run(TestResult.java:113)
	at junit.framework.TestCase.run(TestCase.java:124)
	at junit.framework.TestSuite.runTest(TestSuite.java:243)
	at junit.framework.TestSuite.run(TestSuite.java:238)
	at org.junit.internal.runners.JUnit38ClassRunner.run(JUnit38ClassRunner.java:83)
	at org.apache.maven.surefire.junit4.JUnit4TestSet.execute(JUnit4TestSet.java:59)
	at org.apache.maven.surefire.suite.AbstractDirectoryTestSuite.executeTestSet(AbstractDirectoryTestSuite.java:115)
	at org.apache.maven.surefire.suite.AbstractDirectoryTestSuite.execute(AbstractDirectoryTestSuite.java:140)
	at org.apache.maven.surefire.Surefire.run(Surefire.java:109)
	at sun.reflect.NativeMethodAccessorImpl.invoke0(Native Method)
	at sun.reflect.NativeMethodAccessorImpl.invoke(NativeMethodAccessorImpl.java:57)
	at sun.reflect.DelegatingMethodAccessorImpl.invoke(DelegatingMethodAccessorImpl.java:43)
	at java.lang.reflect.Method.invoke(Method.java:616)
	at org.apache.maven.surefire.booter.SurefireBooter.runSuitesInProcess(SurefireBooter.java:290)
	at org.apache.maven.surefire.booter.SurefireBooter.main(SurefireBooter.java:1017)

testGetIpAddrTable(org.opennms.netmgt.capsd.SNMP4JV3IfSnmpCollectorTest)  Time elapsed: 0.008 sec  <<< ERROR!
org.postgresql.util.PSQLException: FATAL: password authentication failed for user "postgres"
	at org.postgresql.core.v3.ConnectionFactoryImpl.doAuthentication(ConnectionFactoryImpl.java:291)
	at org.postgresql.core.v3.ConnectionFactoryImpl.openConnectionImpl(ConnectionFactoryImpl.java:108)
	at org.postgresql.core.ConnectionFactory.openConnection(ConnectionFactory.java:66)
	at org.postgresql.jdbc2.AbstractJdbc2Connection.<init>(AbstractJdbc2Connection.java:125)
	at org.postgresql.jdbc3.AbstractJdbc3Connection.<init>(AbstractJdbc3Connection.java:30)
	at org.postgresql.jdbc3.Jdbc3Connection.<init>(Jdbc3Connection.java:24)
	at org.postgresql.Driver.makeConnection(Driver.java:393)
	at org.postgresql.Driver.connect(Driver.java:267)
	at java.sql.DriverManager.getConnection(DriverManager.java:620)
	at java.sql.DriverManager.getConnection(DriverManager.java:169)
	at org.opennms.netmgt.dao.db.SimpleDataSource.getConnection(SimpleDataSource.java:90)
	at org.opennms.netmgt.dao.db.TemporaryDatabase.createTestDatabase(TemporaryDatabase.java:289)
	at org.opennms.netmgt.dao.db.TemporaryDatabase.setupDatabase(TemporaryDatabase.java:277)
	at org.opennms.netmgt.dao.db.TemporaryDatabase.create(TemporaryDatabase.java:133)
	at org.opennms.netmgt.mock.MockDatabase.<init>(MockDatabase.java:76)
	at org.opennms.netmgt.mock.MockDatabase.<init>(MockDatabase.java:61)
	at org.opennms.netmgt.mock.OpenNMSTestCase.populateDatabase(OpenNMSTestCase.java:234)
	at org.opennms.netmgt.mock.OpenNMSTestCase.setUp(OpenNMSTestCase.java:146)
	at org.opennms.netmgt.capsd.IfSnmpCollectorTestCase.setUp(IfSnmpCollectorTestCase.java:74)
	at org.opennms.netmgt.capsd.IfSnmpCollectorTestCase$SNMP4JIfSnmpCollectorTestCase.setUp(IfSnmpCollectorTestCase.java:67)
	at org.opennms.netmgt.capsd.SNMP4JV3IfSnmpCollectorTest.setUp(SNMP4JV3IfSnmpCollectorTest.java:36)
	at junit.framework.TestCase.runBare(TestCase.java:132)
	at junit.framework.TestResult$1.protect(TestResult.java:110)
	at junit.framework.TestResult.runProtected(TestResult.java:128)
	at junit.framework.TestResult.run(TestResult.java:113)
	at junit.framework.TestCase.run(TestCase.java:124)
	at junit.framework.TestSuite.runTest(TestSuite.java:243)
	at junit.framework.TestSuite.run(TestSuite.java:238)
	at org.junit.internal.runners.JUnit38ClassRunner.run(JUnit38ClassRunner.java:83)
	at org.apache.maven.surefire.junit4.JUnit4TestSet.execute(JUnit4TestSet.java:59)
	at org.apache.maven.surefire.suite.AbstractDirectoryTestSuite.executeTestSet(AbstractDirectoryTestSuite.java:115)
	at org.apache.maven.surefire.suite.AbstractDirectoryTestSuite.execute(AbstractDirectoryTestSuite.java:140)
	at org.apache.maven.surefire.Surefire.run(Surefire.java:109)
	at sun.reflect.NativeMethodAccessorImpl.invoke0(Native Method)
	at sun.reflect.NativeMethodAccessorImpl.invoke(NativeMethodAccessorImpl.java:57)
	at sun.reflect.DelegatingMethodAccessorImpl.invoke(DelegatingMethodAccessorImpl.java:43)
	at java.lang.reflect.Method.invoke(Method.java:616)
	at org.apache.maven.surefire.booter.SurefireBooter.runSuitesInProcess(SurefireBooter.java:290)
	at org.apache.maven.surefire.booter.SurefireBooter.main(SurefireBooter.java:1017)

testHasIfXTable(org.opennms.netmgt.capsd.SNMP4JV3IfSnmpCollectorTest)  Time elapsed: 0.004 sec  <<< ERROR!
org.postgresql.util.PSQLException: FATAL: password authentication failed for user "postgres"
	at org.postgresql.core.v3.ConnectionFactoryImpl.doAuthentication(ConnectionFactoryImpl.java:291)
	at org.postgresql.core.v3.ConnectionFactoryImpl.openConnectionImpl(ConnectionFactoryImpl.java:108)
	at org.postgresql.core.ConnectionFactory.openConnection(ConnectionFactory.java:66)
	at org.postgresql.jdbc2.AbstractJdbc2Connection.<init>(AbstractJdbc2Connection.java:125)
	at org.postgresql.jdbc3.AbstractJdbc3Connection.<init>(AbstractJdbc3Connection.java:30)
	at org.postgresql.jdbc3.Jdbc3Connection.<init>(Jdbc3Connection.java:24)
	at org.postgresql.Driver.makeConnection(Driver.java:393)
	at org.postgresql.Driver.connect(Driver.java:267)
	at java.sql.DriverManager.getConnection(DriverManager.java:620)
	at java.sql.DriverManager.getConnection(DriverManager.java:169)
	at org.opennms.netmgt.dao.db.SimpleDataSource.getConnection(SimpleDataSource.java:90)
	at org.opennms.netmgt.dao.db.TemporaryDatabase.createTestDatabase(TemporaryDatabase.java:289)
	at org.opennms.netmgt.dao.db.TemporaryDatabase.setupDatabase(TemporaryDatabase.java:277)
	at org.opennms.netmgt.dao.db.TemporaryDatabase.create(TemporaryDatabase.java:133)
	at org.opennms.netmgt.mock.MockDatabase.<init>(MockDatabase.java:76)
	at org.opennms.netmgt.mock.MockDatabase.<init>(MockDatabase.java:61)
	at org.opennms.netmgt.mock.OpenNMSTestCase.populateDatabase(OpenNMSTestCase.java:234)
	at org.opennms.netmgt.mock.OpenNMSTestCase.setUp(OpenNMSTestCase.java:146)
	at org.opennms.netmgt.capsd.IfSnmpCollectorTestCase.setUp(IfSnmpCollectorTestCase.java:74)
	at org.opennms.netmgt.capsd.IfSnmpCollectorTestCase$SNMP4JIfSnmpCollectorTestCase.setUp(IfSnmpCollectorTestCase.java:67)
	at org.opennms.netmgt.capsd.SNMP4JV3IfSnmpCollectorTest.setUp(SNMP4JV3IfSnmpCollectorTest.java:36)
	at junit.framework.TestCase.runBare(TestCase.java:132)
	at junit.framework.TestResult$1.protect(TestResult.java:110)
	at junit.framework.TestResult.runProtected(TestResult.java:128)
	at junit.framework.TestResult.run(TestResult.java:113)
	at junit.framework.TestCase.run(TestCase.java:124)
	at junit.framework.TestSuite.runTest(TestSuite.java:243)
	at junit.framework.TestSuite.run(TestSuite.java:238)
	at org.junit.internal.runners.JUnit38ClassRunner.run(JUnit38ClassRunner.java:83)
	at org.apache.maven.surefire.junit4.JUnit4TestSet.execute(JUnit4TestSet.java:59)
	at org.apache.maven.surefire.suite.AbstractDirectoryTestSuite.executeTestSet(AbstractDirectoryTestSuite.java:115)
	at org.apache.maven.surefire.suite.AbstractDirectoryTestSuite.execute(AbstractDirectoryTestSuite.java:140)
	at org.apache.maven.surefire.Surefire.run(Surefire.java:109)
	at sun.reflect.NativeMethodAccessorImpl.invoke0(Native Method)
	at sun.reflect.NativeMethodAccessorImpl.invoke(NativeMethodAccessorImpl.java:57)
	at sun.reflect.DelegatingMethodAccessorImpl.invoke(DelegatingMethodAccessorImpl.java:43)
	at java.lang.reflect.Method.invoke(Method.java:616)
	at org.apache.maven.surefire.booter.SurefireBooter.runSuitesInProcess(SurefireBooter.java:290)
	at org.apache.maven.surefire.booter.SurefireBooter.main(SurefireBooter.java:1017)

testGetIfXTable(org.opennms.netmgt.capsd.SNMP4JV3IfSnmpCollectorTest)  Time elapsed: 0.005 sec  <<< ERROR!
org.postgresql.util.PSQLException: FATAL: password authentication failed for user "postgres"
	at org.postgresql.core.v3.ConnectionFactoryImpl.doAuthentication(ConnectionFactoryImpl.java:291)
	at org.postgresql.core.v3.ConnectionFactoryImpl.openConnectionImpl(ConnectionFactoryImpl.java:108)
	at org.postgresql.core.ConnectionFactory.openConnection(ConnectionFactory.java:66)
	at org.postgresql.jdbc2.AbstractJdbc2Connection.<init>(AbstractJdbc2Connection.java:125)
	at org.postgresql.jdbc3.AbstractJdbc3Connection.<init>(AbstractJdbc3Connection.java:30)
	at org.postgresql.jdbc3.Jdbc3Connection.<init>(Jdbc3Connection.java:24)
	at org.postgresql.Driver.makeConnection(Driver.java:393)
	at org.postgresql.Driver.connect(Driver.java:267)
	at java.sql.DriverManager.getConnection(DriverManager.java:620)
	at java.sql.DriverManager.getConnection(DriverManager.java:169)
	at org.opennms.netmgt.dao.db.SimpleDataSource.getConnection(SimpleDataSource.java:90)
	at org.opennms.netmgt.dao.db.TemporaryDatabase.createTestDatabase(TemporaryDatabase.java:289)
	at org.opennms.netmgt.dao.db.TemporaryDatabase.setupDatabase(TemporaryDatabase.java:277)
	at org.opennms.netmgt.dao.db.TemporaryDatabase.create(TemporaryDatabase.java:133)
	at org.opennms.netmgt.mock.MockDatabase.<init>(MockDatabase.java:76)
	at org.opennms.netmgt.mock.MockDatabase.<init>(MockDatabase.java:61)
	at org.opennms.netmgt.mock.OpenNMSTestCase.populateDatabase(OpenNMSTestCase.java:234)
	at org.opennms.netmgt.mock.OpenNMSTestCase.setUp(OpenNMSTestCase.java:146)
	at org.opennms.netmgt.capsd.IfSnmpCollectorTestCase.setUp(IfSnmpCollectorTestCase.java:74)
	at org.opennms.netmgt.capsd.IfSnmpCollectorTestCase$SNMP4JIfSnmpCollectorTestCase.setUp(IfSnmpCollectorTestCase.java:67)
	at org.opennms.netmgt.capsd.SNMP4JV3IfSnmpCollectorTest.setUp(SNMP4JV3IfSnmpCollectorTest.java:36)
	at junit.framework.TestCase.runBare(TestCase.java:132)
	at junit.framework.TestResult$1.protect(TestResult.java:110)
	at junit.framework.TestResult.runProtected(TestResult.java:128)
	at junit.framework.TestResult.run(TestResult.java:113)
	at junit.framework.TestCase.run(TestCase.java:124)
	at junit.framework.TestSuite.runTest(TestSuite.java:243)
	at junit.framework.TestSuite.run(TestSuite.java:238)
	at org.junit.internal.runners.JUnit38ClassRunner.run(JUnit38ClassRunner.java:83)
	at org.apache.maven.surefire.junit4.JUnit4TestSet.execute(JUnit4TestSet.java:59)
	at org.apache.maven.surefire.suite.AbstractDirectoryTestSuite.executeTestSet(AbstractDirectoryTestSuite.java:115)
	at org.apache.maven.surefire.suite.AbstractDirectoryTestSuite.execute(AbstractDirectoryTestSuite.java:140)
	at org.apache.maven.surefire.Surefire.run(Surefire.java:109)
	at sun.reflect.NativeMethodAccessorImpl.invoke0(Native Method)
	at sun.reflect.NativeMethodAccessorImpl.invoke(NativeMethodAccessorImpl.java:57)
	at sun.reflect.DelegatingMethodAccessorImpl.invoke(DelegatingMethodAccessorImpl.java:43)
	at java.lang.reflect.Method.invoke(Method.java:616)
	at org.apache.maven.surefire.booter.SurefireBooter.runSuitesInProcess(SurefireBooter.java:290)
	at org.apache.maven.surefire.booter.SurefireBooter.main(SurefireBooter.java:1017)

testGetCollectorTargetAddress(org.opennms.netmgt.capsd.SNMP4JV3IfSnmpCollectorTest)  Time elapsed: 0.007 sec  <<< ERROR!
org.postgresql.util.PSQLException: FATAL: password authentication failed for user "postgres"
	at org.postgresql.core.v3.ConnectionFactoryImpl.doAuthentication(ConnectionFactoryImpl.java:291)
	at org.postgresql.core.v3.ConnectionFactoryImpl.openConnectionImpl(ConnectionFactoryImpl.java:108)
	at org.postgresql.core.ConnectionFactory.openConnection(ConnectionFactory.java:66)
	at org.postgresql.jdbc2.AbstractJdbc2Connection.<init>(AbstractJdbc2Connection.java:125)
	at org.postgresql.jdbc3.AbstractJdbc3Connection.<init>(AbstractJdbc3Connection.java:30)
	at org.postgresql.jdbc3.Jdbc3Connection.<init>(Jdbc3Connection.java:24)
	at org.postgresql.Driver.makeConnection(Driver.java:393)
	at org.postgresql.Driver.connect(Driver.java:267)
	at java.sql.DriverManager.getConnection(DriverManager.java:620)
	at java.sql.DriverManager.getConnection(DriverManager.java:169)
	at org.opennms.netmgt.dao.db.SimpleDataSource.getConnection(SimpleDataSource.java:90)
	at org.opennms.netmgt.dao.db.TemporaryDatabase.createTestDatabase(TemporaryDatabase.java:289)
	at org.opennms.netmgt.dao.db.TemporaryDatabase.setupDatabase(TemporaryDatabase.java:277)
	at org.opennms.netmgt.dao.db.TemporaryDatabase.create(TemporaryDatabase.java:133)
	at org.opennms.netmgt.mock.MockDatabase.<init>(MockDatabase.java:76)
	at org.opennms.netmgt.mock.MockDatabase.<init>(MockDatabase.java:61)
	at org.opennms.netmgt.mock.OpenNMSTestCase.populateDatabase(OpenNMSTestCase.java:234)
	at org.opennms.netmgt.mock.OpenNMSTestCase.setUp(OpenNMSTestCase.java:146)
	at org.opennms.netmgt.capsd.IfSnmpCollectorTestCase.setUp(IfSnmpCollectorTestCase.java:74)
	at org.opennms.netmgt.capsd.IfSnmpCollectorTestCase$SNMP4JIfSnmpCollectorTestCase.setUp(IfSnmpCollectorTestCase.java:67)
	at org.opennms.netmgt.capsd.SNMP4JV3IfSnmpCollectorTest.setUp(SNMP4JV3IfSnmpCollectorTest.java:36)
	at junit.framework.TestCase.runBare(TestCase.java:132)
	at junit.framework.TestResult$1.protect(TestResult.java:110)
	at junit.framework.TestResult.runProtected(TestResult.java:128)
	at junit.framework.TestResult.run(TestResult.java:113)
	at junit.framework.TestCase.run(TestCase.java:124)
	at junit.framework.TestSuite.runTest(TestSuite.java:243)
	at junit.framework.TestSuite.run(TestSuite.java:238)
	at org.junit.internal.runners.JUnit38ClassRunner.run(JUnit38ClassRunner.java:83)
	at org.apache.maven.surefire.junit4.JUnit4TestSet.execute(JUnit4TestSet.java:59)
	at org.apache.maven.surefire.suite.AbstractDirectoryTestSuite.executeTestSet(AbstractDirectoryTestSuite.java:115)
	at org.apache.maven.surefire.suite.AbstractDirectoryTestSuite.execute(AbstractDirectoryTestSuite.java:140)
	at org.apache.maven.surefire.Surefire.run(Surefire.java:109)
	at sun.reflect.NativeMethodAccessorImpl.invoke0(Native Method)
	at sun.reflect.NativeMethodAccessorImpl.invoke(NativeMethodAccessorImpl.java:57)
	at sun.reflect.DelegatingMethodAccessorImpl.invoke(DelegatingMethodAccessorImpl.java:43)
	at java.lang.reflect.Method.invoke(Method.java:616)
	at org.apache.maven.surefire.booter.SurefireBooter.runSuitesInProcess(SurefireBooter.java:290)
	at org.apache.maven.surefire.booter.SurefireBooter.main(SurefireBooter.java:1017)

testGetIfAddressAndMask(org.opennms.netmgt.capsd.SNMP4JV3IfSnmpCollectorTest)  Time elapsed: 0.005 sec  <<< ERROR!
org.postgresql.util.PSQLException: FATAL: password authentication failed for user "postgres"
	at org.postgresql.core.v3.ConnectionFactoryImpl.doAuthentication(ConnectionFactoryImpl.java:291)
	at org.postgresql.core.v3.ConnectionFactoryImpl.openConnectionImpl(ConnectionFactoryImpl.java:108)
	at org.postgresql.core.ConnectionFactory.openConnection(ConnectionFactory.java:66)
	at org.postgresql.jdbc2.AbstractJdbc2Connection.<init>(AbstractJdbc2Connection.java:125)
	at org.postgresql.jdbc3.AbstractJdbc3Connection.<init>(AbstractJdbc3Connection.java:30)
	at org.postgresql.jdbc3.Jdbc3Connection.<init>(Jdbc3Connection.java:24)
	at org.postgresql.Driver.makeConnection(Driver.java:393)
	at org.postgresql.Driver.connect(Driver.java:267)
	at java.sql.DriverManager.getConnection(DriverManager.java:620)
	at java.sql.DriverManager.getConnection(DriverManager.java:169)
	at org.opennms.netmgt.dao.db.SimpleDataSource.getConnection(SimpleDataSource.java:90)
	at org.opennms.netmgt.dao.db.TemporaryDatabase.createTestDatabase(TemporaryDatabase.java:289)
	at org.opennms.netmgt.dao.db.TemporaryDatabase.setupDatabase(TemporaryDatabase.java:277)
	at org.opennms.netmgt.dao.db.TemporaryDatabase.create(TemporaryDatabase.java:133)
	at org.opennms.netmgt.mock.MockDatabase.<init>(MockDatabase.java:76)
	at org.opennms.netmgt.mock.MockDatabase.<init>(MockDatabase.java:61)
	at org.opennms.netmgt.mock.OpenNMSTestCase.populateDatabase(OpenNMSTestCase.java:234)
	at org.opennms.netmgt.mock.OpenNMSTestCase.setUp(OpenNMSTestCase.java:146)
	at org.opennms.netmgt.capsd.IfSnmpCollectorTestCase.setUp(IfSnmpCollectorTestCase.java:74)
	at org.opennms.netmgt.capsd.IfSnmpCollectorTestCase$SNMP4JIfSnmpCollectorTestCase.setUp(IfSnmpCollectorTestCase.java:67)
	at org.opennms.netmgt.capsd.SNMP4JV3IfSnmpCollectorTest.setUp(SNMP4JV3IfSnmpCollectorTest.java:36)
	at junit.framework.TestCase.runBare(TestCase.java:132)
	at junit.framework.TestResult$1.protect(TestResult.java:110)
	at junit.framework.TestResult.runProtected(TestResult.java:128)
	at junit.framework.TestResult.run(TestResult.java:113)
	at junit.framework.TestCase.run(TestCase.java:124)
	at junit.framework.TestSuite.runTest(TestSuite.java:243)
	at junit.framework.TestSuite.run(TestSuite.java:238)
	at org.junit.internal.runners.JUnit38ClassRunner.run(JUnit38ClassRunner.java:83)
	at org.apache.maven.surefire.junit4.JUnit4TestSet.execute(JUnit4TestSet.java:59)
	at org.apache.maven.surefire.suite.AbstractDirectoryTestSuite.executeTestSet(AbstractDirectoryTestSuite.java:115)
	at org.apache.maven.surefire.suite.AbstractDirectoryTestSuite.execute(AbstractDirectoryTestSuite.java:140)
	at org.apache.maven.surefire.Surefire.run(Surefire.java:109)
	at sun.reflect.NativeMethodAccessorImpl.invoke0(Native Method)
	at sun.reflect.NativeMethodAccessorImpl.invoke(NativeMethodAccessorImpl.java:57)
	at sun.reflect.DelegatingMethodAccessorImpl.invoke(DelegatingMethodAccessorImpl.java:43)
	at java.lang.reflect.Method.invoke(Method.java:616)
	at org.apache.maven.surefire.booter.SurefireBooter.runSuitesInProcess(SurefireBooter.java:290)
	at org.apache.maven.surefire.booter.SurefireBooter.main(SurefireBooter.java:1017)

testGetAdminStatus(org.opennms.netmgt.capsd.SNMP4JV3IfSnmpCollectorTest)  Time elapsed: 0.005 sec  <<< ERROR!
org.postgresql.util.PSQLException: FATAL: password authentication failed for user "postgres"
	at org.postgresql.core.v3.ConnectionFactoryImpl.doAuthentication(ConnectionFactoryImpl.java:291)
	at org.postgresql.core.v3.ConnectionFactoryImpl.openConnectionImpl(ConnectionFactoryImpl.java:108)
	at org.postgresql.core.ConnectionFactory.openConnection(ConnectionFactory.java:66)
	at org.postgresql.jdbc2.AbstractJdbc2Connection.<init>(AbstractJdbc2Connection.java:125)
	at org.postgresql.jdbc3.AbstractJdbc3Connection.<init>(AbstractJdbc3Connection.java:30)
	at org.postgresql.jdbc3.Jdbc3Connection.<init>(Jdbc3Connection.java:24)
	at org.postgresql.Driver.makeConnection(Driver.java:393)
	at org.postgresql.Driver.connect(Driver.java:267)
	at java.sql.DriverManager.getConnection(DriverManager.java:620)
	at java.sql.DriverManager.getConnection(DriverManager.java:169)
	at org.opennms.netmgt.dao.db.SimpleDataSource.getConnection(SimpleDataSource.java:90)
	at org.opennms.netmgt.dao.db.TemporaryDatabase.createTestDatabase(TemporaryDatabase.java:289)
	at org.opennms.netmgt.dao.db.TemporaryDatabase.setupDatabase(TemporaryDatabase.java:277)
	at org.opennms.netmgt.dao.db.TemporaryDatabase.create(TemporaryDatabase.java:133)
	at org.opennms.netmgt.mock.MockDatabase.<init>(MockDatabase.java:76)
	at org.opennms.netmgt.mock.MockDatabase.<init>(MockDatabase.java:61)
	at org.opennms.netmgt.mock.OpenNMSTestCase.populateDatabase(OpenNMSTestCase.java:234)
	at org.opennms.netmgt.mock.OpenNMSTestCase.setUp(OpenNMSTestCase.java:146)
	at org.opennms.netmgt.capsd.IfSnmpCollectorTestCase.setUp(IfSnmpCollectorTestCase.java:74)
	at org.opennms.netmgt.capsd.IfSnmpCollectorTestCase$SNMP4JIfSnmpCollectorTestCase.setUp(IfSnmpCollectorTestCase.java:67)
	at org.opennms.netmgt.capsd.SNMP4JV3IfSnmpCollectorTest.setUp(SNMP4JV3IfSnmpCollectorTest.java:36)
	at junit.framework.TestCase.runBare(TestCase.java:132)
	at junit.framework.TestResult$1.protect(TestResult.java:110)
	at junit.framework.TestResult.runProtected(TestResult.java:128)
	at junit.framework.TestResult.run(TestResult.java:113)
	at junit.framework.TestCase.run(TestCase.java:124)
	at junit.framework.TestSuite.runTest(TestSuite.java:243)
	at junit.framework.TestSuite.run(TestSuite.java:238)
	at org.junit.internal.runners.JUnit38ClassRunner.run(JUnit38ClassRunner.java:83)
	at org.apache.maven.surefire.junit4.JUnit4TestSet.execute(JUnit4TestSet.java:59)
	at org.apache.maven.surefire.suite.AbstractDirectoryTestSuite.executeTestSet(AbstractDirectoryTestSuite.java:115)
	at org.apache.maven.surefire.suite.AbstractDirectoryTestSuite.execute(AbstractDirectoryTestSuite.java:140)
	at org.apache.maven.surefire.Surefire.run(Surefire.java:109)
	at sun.reflect.NativeMethodAccessorImpl.invoke0(Native Method)
	at sun.reflect.NativeMethodAccessorImpl.invoke(NativeMethodAccessorImpl.java:57)
	at sun.reflect.DelegatingMethodAccessorImpl.invoke(DelegatingMethodAccessorImpl.java:43)
	at java.lang.reflect.Method.invoke(Method.java:616)
	at org.apache.maven.surefire.booter.SurefireBooter.runSuitesInProcess(SurefireBooter.java:290)
	at org.apache.maven.surefire.booter.SurefireBooter.main(SurefireBooter.java:1017)

testGetIfType(org.opennms.netmgt.capsd.SNMP4JV3IfSnmpCollectorTest)  Time elapsed: 0.007 sec  <<< ERROR!
org.postgresql.util.PSQLException: FATAL: password authentication failed for user "postgres"
	at org.postgresql.core.v3.ConnectionFactoryImpl.doAuthentication(ConnectionFactoryImpl.java:291)
	at org.postgresql.core.v3.ConnectionFactoryImpl.openConnectionImpl(ConnectionFactoryImpl.java:108)
	at org.postgresql.core.ConnectionFactory.openConnection(ConnectionFactory.java:66)
	at org.postgresql.jdbc2.AbstractJdbc2Connection.<init>(AbstractJdbc2Connection.java:125)
	at org.postgresql.jdbc3.AbstractJdbc3Connection.<init>(AbstractJdbc3Connection.java:30)
	at org.postgresql.jdbc3.Jdbc3Connection.<init>(Jdbc3Connection.java:24)
	at org.postgresql.Driver.makeConnection(Driver.java:393)
	at org.postgresql.Driver.connect(Driver.java:267)
	at java.sql.DriverManager.getConnection(DriverManager.java:620)
	at java.sql.DriverManager.getConnection(DriverManager.java:169)
	at org.opennms.netmgt.dao.db.SimpleDataSource.getConnection(SimpleDataSource.java:90)
	at org.opennms.netmgt.dao.db.TemporaryDatabase.createTestDatabase(TemporaryDatabase.java:289)
	at org.opennms.netmgt.dao.db.TemporaryDatabase.setupDatabase(TemporaryDatabase.java:277)
	at org.opennms.netmgt.dao.db.TemporaryDatabase.create(TemporaryDatabase.java:133)
	at org.opennms.netmgt.mock.MockDatabase.<init>(MockDatabase.java:76)
	at org.opennms.netmgt.mock.MockDatabase.<init>(MockDatabase.java:61)
	at org.opennms.netmgt.mock.OpenNMSTestCase.populateDatabase(OpenNMSTestCase.java:234)
	at org.opennms.netmgt.mock.OpenNMSTestCase.setUp(OpenNMSTestCase.java:146)
	at org.opennms.netmgt.capsd.IfSnmpCollectorTestCase.setUp(IfSnmpCollectorTestCase.java:74)
	at org.opennms.netmgt.capsd.IfSnmpCollectorTestCase$SNMP4JIfSnmpCollectorTestCase.setUp(IfSnmpCollectorTestCase.java:67)
	at org.opennms.netmgt.capsd.SNMP4JV3IfSnmpCollectorTest.setUp(SNMP4JV3IfSnmpCollectorTest.java:36)
	at junit.framework.TestCase.runBare(TestCase.java:132)
	at junit.framework.TestResult$1.protect(TestResult.java:110)
	at junit.framework.TestResult.runProtected(TestResult.java:128)
	at junit.framework.TestResult.run(TestResult.java:113)
	at junit.framework.TestCase.run(TestCase.java:124)
	at junit.framework.TestSuite.runTest(TestSuite.java:243)
	at junit.framework.TestSuite.run(TestSuite.java:238)
	at org.junit.internal.runners.JUnit38ClassRunner.run(JUnit38ClassRunner.java:83)
	at org.apache.maven.surefire.junit4.JUnit4TestSet.execute(JUnit4TestSet.java:59)
	at org.apache.maven.surefire.suite.AbstractDirectoryTestSuite.executeTestSet(AbstractDirectoryTestSuite.java:115)
	at org.apache.maven.surefire.suite.AbstractDirectoryTestSuite.execute(AbstractDirectoryTestSuite.java:140)
	at org.apache.maven.surefire.Surefire.run(Surefire.java:109)
	at sun.reflect.NativeMethodAccessorImpl.invoke0(Native Method)
	at sun.reflect.NativeMethodAccessorImpl.invoke(NativeMethodAccessorImpl.java:57)
	at sun.reflect.DelegatingMethodAccessorImpl.invoke(DelegatingMethodAccessorImpl.java:43)
	at java.lang.reflect.Method.invoke(Method.java:616)
	at org.apache.maven.surefire.booter.SurefireBooter.runSuitesInProcess(SurefireBooter.java:290)
	at org.apache.maven.surefire.booter.SurefireBooter.main(SurefireBooter.java:1017)

testGetIfIndex(org.opennms.netmgt.capsd.SNMP4JV3IfSnmpCollectorTest)  Time elapsed: 0.006 sec  <<< ERROR!
org.postgresql.util.PSQLException: FATAL: password authentication failed for user "postgres"
	at org.postgresql.core.v3.ConnectionFactoryImpl.doAuthentication(ConnectionFactoryImpl.java:291)
	at org.postgresql.core.v3.ConnectionFactoryImpl.openConnectionImpl(ConnectionFactoryImpl.java:108)
	at org.postgresql.core.ConnectionFactory.openConnection(ConnectionFactory.java:66)
	at org.postgresql.jdbc2.AbstractJdbc2Connection.<init>(AbstractJdbc2Connection.java:125)
	at org.postgresql.jdbc3.AbstractJdbc3Connection.<init>(AbstractJdbc3Connection.java:30)
	at org.postgresql.jdbc3.Jdbc3Connection.<init>(Jdbc3Connection.java:24)
	at org.postgresql.Driver.makeConnection(Driver.java:393)
	at org.postgresql.Driver.connect(Driver.java:267)
	at java.sql.DriverManager.getConnection(DriverManager.java:620)
	at java.sql.DriverManager.getConnection(DriverManager.java:169)
	at org.opennms.netmgt.dao.db.SimpleDataSource.getConnection(SimpleDataSource.java:90)
	at org.opennms.netmgt.dao.db.TemporaryDatabase.createTestDatabase(TemporaryDatabase.java:289)
	at org.opennms.netmgt.dao.db.TemporaryDatabase.setupDatabase(TemporaryDatabase.java:277)
	at org.opennms.netmgt.dao.db.TemporaryDatabase.create(TemporaryDatabase.java:133)
	at org.opennms.netmgt.mock.MockDatabase.<init>(MockDatabase.java:76)
	at org.opennms.netmgt.mock.MockDatabase.<init>(MockDatabase.java:61)
	at org.opennms.netmgt.mock.OpenNMSTestCase.populateDatabase(OpenNMSTestCase.java:234)
	at org.opennms.netmgt.mock.OpenNMSTestCase.setUp(OpenNMSTestCase.java:146)
	at org.opennms.netmgt.capsd.IfSnmpCollectorTestCase.setUp(IfSnmpCollectorTestCase.java:74)
	at org.opennms.netmgt.capsd.IfSnmpCollectorTestCase$SNMP4JIfSnmpCollectorTestCase.setUp(IfSnmpCollectorTestCase.java:67)
	at org.opennms.netmgt.capsd.SNMP4JV3IfSnmpCollectorTest.setUp(SNMP4JV3IfSnmpCollectorTest.java:36)
	at junit.framework.TestCase.runBare(TestCase.java:132)
	at junit.framework.TestResult$1.protect(TestResult.java:110)
	at junit.framework.TestResult.runProtected(TestResult.java:128)
	at junit.framework.TestResult.run(TestResult.java:113)
	at junit.framework.TestCase.run(TestCase.java:124)
	at junit.framework.TestSuite.runTest(TestSuite.java:243)
	at junit.framework.TestSuite.run(TestSuite.java:238)
	at org.junit.internal.runners.JUnit38ClassRunner.run(JUnit38ClassRunner.java:83)
	at org.apache.maven.surefire.junit4.JUnit4TestSet.execute(JUnit4TestSet.java:59)
	at org.apache.maven.surefire.suite.AbstractDirectoryTestSuite.executeTestSet(AbstractDirectoryTestSuite.java:115)
	at org.apache.maven.surefire.suite.AbstractDirectoryTestSuite.execute(AbstractDirectoryTestSuite.java:140)
	at org.apache.maven.surefire.Surefire.run(Surefire.java:109)
	at sun.reflect.NativeMethodAccessorImpl.invoke0(Native Method)
	at sun.reflect.NativeMethodAccessorImpl.invoke(NativeMethodAccessorImpl.java:57)
	at sun.reflect.DelegatingMethodAccessorImpl.invoke(DelegatingMethodAccessorImpl.java:43)
	at java.lang.reflect.Method.invoke(Method.java:616)
	at org.apache.maven.surefire.booter.SurefireBooter.runSuitesInProcess(SurefireBooter.java:290)
	at org.apache.maven.surefire.booter.SurefireBooter.main(SurefireBooter.java:1017)

testGetIfName(org.opennms.netmgt.capsd.SNMP4JV3IfSnmpCollectorTest)  Time elapsed: 0.01 sec  <<< ERROR!
org.postgresql.util.PSQLException: FATAL: password authentication failed for user "postgres"
	at org.postgresql.core.v3.ConnectionFactoryImpl.doAuthentication(ConnectionFactoryImpl.java:291)
	at org.postgresql.core.v3.ConnectionFactoryImpl.openConnectionImpl(ConnectionFactoryImpl.java:108)
	at org.postgresql.core.ConnectionFactory.openConnection(ConnectionFactory.java:66)
	at org.postgresql.jdbc2.AbstractJdbc2Connection.<init>(AbstractJdbc2Connection.java:125)
	at org.postgresql.jdbc3.AbstractJdbc3Connection.<init>(AbstractJdbc3Connection.java:30)
	at org.postgresql.jdbc3.Jdbc3Connection.<init>(Jdbc3Connection.java:24)
	at org.postgresql.Driver.makeConnection(Driver.java:393)
	at org.postgresql.Driver.connect(Driver.java:267)
	at java.sql.DriverManager.getConnection(DriverManager.java:620)
	at java.sql.DriverManager.getConnection(DriverManager.java:169)
	at org.opennms.netmgt.dao.db.SimpleDataSource.getConnection(SimpleDataSource.java:90)
	at org.opennms.netmgt.dao.db.TemporaryDatabase.createTestDatabase(TemporaryDatabase.java:289)
	at org.opennms.netmgt.dao.db.TemporaryDatabase.setupDatabase(TemporaryDatabase.java:277)
	at org.opennms.netmgt.dao.db.TemporaryDatabase.create(TemporaryDatabase.java:133)
	at org.opennms.netmgt.mock.MockDatabase.<init>(MockDatabase.java:76)
	at org.opennms.netmgt.mock.MockDatabase.<init>(MockDatabase.java:61)
	at org.opennms.netmgt.mock.OpenNMSTestCase.populateDatabase(OpenNMSTestCase.java:234)
	at org.opennms.netmgt.mock.OpenNMSTestCase.setUp(OpenNMSTestCase.java:146)
	at org.opennms.netmgt.capsd.IfSnmpCollectorTestCase.setUp(IfSnmpCollectorTestCase.java:74)
	at org.opennms.netmgt.capsd.IfSnmpCollectorTestCase$SNMP4JIfSnmpCollectorTestCase.setUp(IfSnmpCollectorTestCase.java:67)
	at org.opennms.netmgt.capsd.SNMP4JV3IfSnmpCollectorTest.setUp(SNMP4JV3IfSnmpCollectorTest.java:36)
	at junit.framework.TestCase.runBare(TestCase.java:132)
	at junit.framework.TestResult$1.protect(TestResult.java:110)
	at junit.framework.TestResult.runProtected(TestResult.java:128)
	at junit.framework.TestResult.run(TestResult.java:113)
	at junit.framework.TestCase.run(TestCase.java:124)
	at junit.framework.TestSuite.runTest(TestSuite.java:243)
	at junit.framework.TestSuite.run(TestSuite.java:238)
	at org.junit.internal.runners.JUnit38ClassRunner.run(JUnit38ClassRunner.java:83)
	at org.apache.maven.surefire.junit4.JUnit4TestSet.execute(JUnit4TestSet.java:59)
	at org.apache.maven.surefire.suite.AbstractDirectoryTestSuite.executeTestSet(AbstractDirectoryTestSuite.java:115)
	at org.apache.maven.surefire.suite.AbstractDirectoryTestSuite.execute(AbstractDirectoryTestSuite.java:140)
	at org.apache.maven.surefire.Surefire.run(Surefire.java:109)
	at sun.reflect.NativeMethodAccessorImpl.invoke0(Native Method)
	at sun.reflect.NativeMethodAccessorImpl.invoke(NativeMethodAccessorImpl.java:57)
	at sun.reflect.DelegatingMethodAccessorImpl.invoke(DelegatingMethodAccessorImpl.java:43)
	at java.lang.reflect.Method.invoke(Method.java:616)
	at org.apache.maven.surefire.booter.SurefireBooter.runSuitesInProcess(SurefireBooter.java:290)
	at org.apache.maven.surefire.booter.SurefireBooter.main(SurefireBooter.java:1017)

testGetIfSpeed(org.opennms.netmgt.capsd.SNMP4JV3IfSnmpCollectorTest)  Time elapsed: 0.006 sec  <<< ERROR!
org.postgresql.util.PSQLException: FATAL: password authentication failed for user "postgres"
	at org.postgresql.core.v3.ConnectionFactoryImpl.doAuthentication(ConnectionFactoryImpl.java:291)
	at org.postgresql.core.v3.ConnectionFactoryImpl.openConnectionImpl(ConnectionFactoryImpl.java:108)
	at org.postgresql.core.ConnectionFactory.openConnection(ConnectionFactory.java:66)
	at org.postgresql.jdbc2.AbstractJdbc2Connection.<init>(AbstractJdbc2Connection.java:125)
	at org.postgresql.jdbc3.AbstractJdbc3Connection.<init>(AbstractJdbc3Connection.java:30)
	at org.postgresql.jdbc3.Jdbc3Connection.<init>(Jdbc3Connection.java:24)
	at org.postgresql.Driver.makeConnection(Driver.java:393)
	at org.postgresql.Driver.connect(Driver.java:267)
	at java.sql.DriverManager.getConnection(DriverManager.java:620)
	at java.sql.DriverManager.getConnection(DriverManager.java:169)
	at org.opennms.netmgt.dao.db.SimpleDataSource.getConnection(SimpleDataSource.java:90)
	at org.opennms.netmgt.dao.db.TemporaryDatabase.createTestDatabase(TemporaryDatabase.java:289)
	at org.opennms.netmgt.dao.db.TemporaryDatabase.setupDatabase(TemporaryDatabase.java:277)
	at org.opennms.netmgt.dao.db.TemporaryDatabase.create(TemporaryDatabase.java:133)
	at org.opennms.netmgt.mock.MockDatabase.<init>(MockDatabase.java:76)
	at org.opennms.netmgt.mock.MockDatabase.<init>(MockDatabase.java:61)
	at org.opennms.netmgt.mock.OpenNMSTestCase.populateDatabase(OpenNMSTestCase.java:234)
	at org.opennms.netmgt.mock.OpenNMSTestCase.setUp(OpenNMSTestCase.java:146)
	at org.opennms.netmgt.capsd.IfSnmpCollectorTestCase.setUp(IfSnmpCollectorTestCase.java:74)
	at org.opennms.netmgt.capsd.IfSnmpCollectorTestCase$SNMP4JIfSnmpCollectorTestCase.setUp(IfSnmpCollectorTestCase.java:67)
	at org.opennms.netmgt.capsd.SNMP4JV3IfSnmpCollectorTest.setUp(SNMP4JV3IfSnmpCollectorTest.java:36)
	at junit.framework.TestCase.runBare(TestCase.java:132)
	at junit.framework.TestResult$1.protect(TestResult.java:110)
	at junit.framework.TestResult.runProtected(TestResult.java:128)
	at junit.framework.TestResult.run(TestResult.java:113)
	at junit.framework.TestCase.run(TestCase.java:124)
	at junit.framework.TestSuite.runTest(TestSuite.java:243)
	at junit.framework.TestSuite.run(TestSuite.java:238)
	at org.junit.internal.runners.JUnit38ClassRunner.run(JUnit38ClassRunner.java:83)
	at org.apache.maven.surefire.junit4.JUnit4TestSet.execute(JUnit4TestSet.java:59)
	at org.apache.maven.surefire.suite.AbstractDirectoryTestSuite.executeTestSet(AbstractDirectoryTestSuite.java:115)
	at org.apache.maven.surefire.suite.AbstractDirectoryTestSuite.execute(AbstractDirectoryTestSuite.java:140)
	at org.apache.maven.surefire.Surefire.run(Surefire.java:109)
	at sun.reflect.NativeMethodAccessorImpl.invoke0(Native Method)
	at sun.reflect.NativeMethodAccessorImpl.invoke(NativeMethodAccessorImpl.java:57)
	at sun.reflect.DelegatingMethodAccessorImpl.invoke(DelegatingMethodAccessorImpl.java:43)
	at java.lang.reflect.Method.invoke(Method.java:616)
	at org.apache.maven.surefire.booter.SurefireBooter.runSuitesInProcess(SurefireBooter.java:290)
	at org.apache.maven.surefire.booter.SurefireBooter.main(SurefireBooter.java:1017)

testGetIfAlias(org.opennms.netmgt.capsd.SNMP4JV3IfSnmpCollectorTest)  Time elapsed: 0.006 sec  <<< ERROR!
org.postgresql.util.PSQLException: FATAL: password authentication failed for user "postgres"
	at org.postgresql.core.v3.ConnectionFactoryImpl.doAuthentication(ConnectionFactoryImpl.java:291)
	at org.postgresql.core.v3.ConnectionFactoryImpl.openConnectionImpl(ConnectionFactoryImpl.java:108)
	at org.postgresql.core.ConnectionFactory.openConnection(ConnectionFactory.java:66)
	at org.postgresql.jdbc2.AbstractJdbc2Connection.<init>(AbstractJdbc2Connection.java:125)
	at org.postgresql.jdbc3.AbstractJdbc3Connection.<init>(AbstractJdbc3Connection.java:30)
	at org.postgresql.jdbc3.Jdbc3Connection.<init>(Jdbc3Connection.java:24)
	at org.postgresql.Driver.makeConnection(Driver.java:393)
	at org.postgresql.Driver.connect(Driver.java:267)
	at java.sql.DriverManager.getConnection(DriverManager.java:620)
	at java.sql.DriverManager.getConnection(DriverManager.java:169)
	at org.opennms.netmgt.dao.db.SimpleDataSource.getConnection(SimpleDataSource.java:90)
	at org.opennms.netmgt.dao.db.TemporaryDatabase.createTestDatabase(TemporaryDatabase.java:289)
	at org.opennms.netmgt.dao.db.TemporaryDatabase.setupDatabase(TemporaryDatabase.java:277)
	at org.opennms.netmgt.dao.db.TemporaryDatabase.create(TemporaryDatabase.java:133)
	at org.opennms.netmgt.mock.MockDatabase.<init>(MockDatabase.java:76)
	at org.opennms.netmgt.mock.MockDatabase.<init>(MockDatabase.java:61)
	at org.opennms.netmgt.mock.OpenNMSTestCase.populateDatabase(OpenNMSTestCase.java:234)
	at org.opennms.netmgt.mock.OpenNMSTestCase.setUp(OpenNMSTestCase.java:146)
	at org.opennms.netmgt.capsd.IfSnmpCollectorTestCase.setUp(IfSnmpCollectorTestCase.java:74)
	at org.opennms.netmgt.capsd.IfSnmpCollectorTestCase$SNMP4JIfSnmpCollectorTestCase.setUp(IfSnmpCollectorTestCase.java:67)
	at org.opennms.netmgt.capsd.SNMP4JV3IfSnmpCollectorTest.setUp(SNMP4JV3IfSnmpCollectorTest.java:36)
	at junit.framework.TestCase.runBare(TestCase.java:132)
	at junit.framework.TestResult$1.protect(TestResult.java:110)
	at junit.framework.TestResult.runProtected(TestResult.java:128)
	at junit.framework.TestResult.run(TestResult.java:113)
	at junit.framework.TestCase.run(TestCase.java:124)
	at junit.framework.TestSuite.runTest(TestSuite.java:243)
	at junit.framework.TestSuite.run(TestSuite.java:238)
	at org.junit.internal.runners.JUnit38ClassRunner.run(JUnit38ClassRunner.java:83)
	at org.apache.maven.surefire.junit4.JUnit4TestSet.execute(JUnit4TestSet.java:59)
	at org.apache.maven.surefire.suite.AbstractDirectoryTestSuite.executeTestSet(AbstractDirectoryTestSuite.java:115)
	at org.apache.maven.surefire.suite.AbstractDirectoryTestSuite.execute(AbstractDirectoryTestSuite.java:140)
	at org.apache.maven.surefire.Surefire.run(Surefire.java:109)
	at sun.reflect.NativeMethodAccessorImpl.invoke0(Native Method)
	at sun.reflect.NativeMethodAccessorImpl.invoke(NativeMethodAccessorImpl.java:57)
	at sun.reflect.DelegatingMethodAccessorImpl.invoke(DelegatingMethodAccessorImpl.java:43)
	at java.lang.reflect.Method.invoke(Method.java:616)
	at org.apache.maven.surefire.booter.SurefireBooter.runSuitesInProcess(SurefireBooter.java:290)
	at org.apache.maven.surefire.booter.SurefireBooter.main(SurefireBooter.java:1017)

testDoNothing(org.opennms.netmgt.capsd.SNMP4JV3IfSnmpCollectorTest)  Time elapsed: 0.006 sec  <<< ERROR!
org.postgresql.util.PSQLException: FATAL: password authentication failed for user "postgres"
	at org.postgresql.core.v3.ConnectionFactoryImpl.doAuthentication(ConnectionFactoryImpl.java:291)
	at org.postgresql.core.v3.ConnectionFactoryImpl.openConnectionImpl(ConnectionFactoryImpl.java:108)
	at org.postgresql.core.ConnectionFactory.openConnection(ConnectionFactory.java:66)
	at org.postgresql.jdbc2.AbstractJdbc2Connection.<init>(AbstractJdbc2Connection.java:125)
	at org.postgresql.jdbc3.AbstractJdbc3Connection.<init>(AbstractJdbc3Connection.java:30)
	at org.postgresql.jdbc3.Jdbc3Connection.<init>(Jdbc3Connection.java:24)
	at org.postgresql.Driver.makeConnection(Driver.java:393)
	at org.postgresql.Driver.connect(Driver.java:267)
	at java.sql.DriverManager.getConnection(DriverManager.java:620)
	at java.sql.DriverManager.getConnection(DriverManager.java:169)
	at org.opennms.netmgt.dao.db.SimpleDataSource.getConnection(SimpleDataSource.java:90)
	at org.opennms.netmgt.dao.db.TemporaryDatabase.createTestDatabase(TemporaryDatabase.java:289)
	at org.opennms.netmgt.dao.db.TemporaryDatabase.setupDatabase(TemporaryDatabase.java:277)
	at org.opennms.netmgt.dao.db.TemporaryDatabase.create(TemporaryDatabase.java:133)
	at org.opennms.netmgt.mock.MockDatabase.<init>(MockDatabase.java:76)
	at org.opennms.netmgt.mock.MockDatabase.<init>(MockDatabase.java:61)
	at org.opennms.netmgt.mock.OpenNMSTestCase.populateDatabase(OpenNMSTestCase.java:234)
	at org.opennms.netmgt.mock.OpenNMSTestCase.setUp(OpenNMSTestCase.java:146)
	at org.opennms.netmgt.capsd.IfSnmpCollectorTestCase.setUp(IfSnmpCollectorTestCase.java:74)
	at org.opennms.netmgt.capsd.IfSnmpCollectorTestCase$SNMP4JIfSnmpCollectorTestCase.setUp(IfSnmpCollectorTestCase.java:67)
	at org.opennms.netmgt.capsd.SNMP4JV3IfSnmpCollectorTest.setUp(SNMP4JV3IfSnmpCollectorTest.java:36)
	at junit.framework.TestCase.runBare(TestCase.java:132)
	at junit.framework.TestResult$1.protect(TestResult.java:110)
	at junit.framework.TestResult.runProtected(TestResult.java:128)
	at junit.framework.TestResult.run(TestResult.java:113)
	at junit.framework.TestCase.run(TestCase.java:124)
	at junit.framework.TestSuite.runTest(TestSuite.java:243)
	at junit.framework.TestSuite.run(TestSuite.java:238)
	at org.junit.internal.runners.JUnit38ClassRunner.run(JUnit38ClassRunner.java:83)
	at org.apache.maven.surefire.junit4.JUnit4TestSet.execute(JUnit4TestSet.java:59)
	at org.apache.maven.surefire.suite.AbstractDirectoryTestSuite.executeTestSet(AbstractDirectoryTestSuite.java:115)
	at org.apache.maven.surefire.suite.AbstractDirectoryTestSuite.execute(AbstractDirectoryTestSuite.java:140)
	at org.apache.maven.surefire.Surefire.run(Surefire.java:109)
	at sun.reflect.NativeMethodAccessorImpl.invoke0(Native Method)
	at sun.reflect.NativeMethodAccessorImpl.invoke(NativeMethodAccessorImpl.java:57)
	at sun.reflect.DelegatingMethodAccessorImpl.invoke(DelegatingMethodAccessorImpl.java:43)
	at java.lang.reflect.Method.invoke(Method.java:616)
	at org.apache.maven.surefire.booter.SurefireBooter.runSuitesInProcess(SurefireBooter.java:290)
	at org.apache.maven.surefire.booter.SurefireBooter.main(SurefireBooter.java:1017)

