-------------------------------------------------------------------------------
Test set: org.opennms.netmgt.eventd.processor.JdbcEventWriterTest
-------------------------------------------------------------------------------
Tests run: 13, Failures: 0, Errors: 13, Skipped: 0, Time elapsed: 0.456 sec <<< FAILURE!
testNextEventId(org.opennms.netmgt.eventd.processor.JdbcEventWriterTest)  Time elapsed: 0.242 sec  <<< ERROR!
org.postgresql.util.PSQLException: FATAL: password authentication failed for user "postgres"
	at org.postgresql.core.v3.ConnectionFactoryImpl.doAuthentication(ConnectionFactoryImpl.java:291)
	at org.postgresql.core.v3.ConnectionFactoryImpl.openConnectionImpl(ConnectionFactoryImpl.java:108)
	at org.postgresql.core.ConnectionFactory.openConnection(ConnectionFactory.java:66)
	at org.postgresql.jdbc2.AbstractJdbc2Connection.<init>(AbstractJdbc2Connection.java:125)
	at org.postgresql.jdbc3.AbstractJdbc3Connection.<init>(AbstractJdbc3Connection.java:30)
	at org.postgresql.jdbc3.Jdbc3Connection.<init>(Jdbc3Connection.java:24)
	at org.postgresql.Driver.makeConnection(Driver.java:393)
	at org.postgresql.Driver.connect(Driver.java:267)
	at java.sql.DriverManager.getConnection(DriverManager.java:620)
	at java.sql.DriverManager.getConnection(DriverManager.java:169)
	at org.opennms.netmgt.dao.db.SimpleDataSource.getConnection(SimpleDataSource.java:90)
	at org.opennms.netmgt.dao.db.TemporaryDatabaseTestCase.createTestDatabase(TemporaryDatabaseTestCase.java:270)
	at org.opennms.netmgt.dao.db.TemporaryDatabaseTestCase.setUp(TemporaryDatabaseTestCase.java:137)
	at org.opennms.netmgt.dao.db.PopulatedTemporaryDatabaseTestCase.setUp(PopulatedTemporaryDatabaseTestCase.java:57)
	at org.opennms.netmgt.eventd.processor.JdbcEventWriterTest.setUp(JdbcEventWriterTest.java:51)
	at junit.framework.TestCase.runBare(TestCase.java:132)
	at junit.framework.TestResult$1.protect(TestResult.java:110)
	at junit.framework.TestResult.runProtected(TestResult.java:128)
	at junit.framework.TestResult.run(TestResult.java:113)
	at junit.framework.TestCase.run(TestCase.java:124)
	at junit.framework.TestSuite.runTest(TestSuite.java:243)
	at junit.framework.TestSuite.run(TestSuite.java:238)
	at org.junit.internal.runners.JUnit38ClassRunner.run(JUnit38ClassRunner.java:83)
	at org.apache.maven.surefire.junit4.JUnit4TestSet.execute(JUnit4TestSet.java:59)
	at org.apache.maven.surefire.suite.AbstractDirectoryTestSuite.executeTestSet(AbstractDirectoryTestSuite.java:115)
	at org.apache.maven.surefire.suite.AbstractDirectoryTestSuite.execute(AbstractDirectoryTestSuite.java:140)
	at org.apache.maven.surefire.Surefire.run(Surefire.java:109)
	at sun.reflect.NativeMethodAccessorImpl.invoke0(Native Method)
	at sun.reflect.NativeMethodAccessorImpl.invoke(NativeMethodAccessorImpl.java:57)
	at sun.reflect.DelegatingMethodAccessorImpl.invoke(DelegatingMethodAccessorImpl.java:43)
	at java.lang.reflect.Method.invoke(Method.java:616)
	at org.apache.maven.surefire.booter.SurefireBooter.runSuitesInProcess(SurefireBooter.java:290)
	at org.apache.maven.surefire.booter.SurefireBooter.main(SurefireBooter.java:1017)

testWriteEventWithNull(org.opennms.netmgt.eventd.processor.JdbcEventWriterTest)  Time elapsed: 0.004 sec  <<< ERROR!
org.postgresql.util.PSQLException: FATAL: password authentication failed for user "postgres"
	at org.postgresql.core.v3.ConnectionFactoryImpl.doAuthentication(ConnectionFactoryImpl.java:291)
	at org.postgresql.core.v3.ConnectionFactoryImpl.openConnectionImpl(ConnectionFactoryImpl.java:108)
	at org.postgresql.core.ConnectionFactory.openConnection(ConnectionFactory.java:66)
	at org.postgresql.jdbc2.AbstractJdbc2Connection.<init>(AbstractJdbc2Connection.java:125)
	at org.postgresql.jdbc3.AbstractJdbc3Connection.<init>(AbstractJdbc3Connection.java:30)
	at org.postgresql.jdbc3.Jdbc3Connection.<init>(Jdbc3Connection.java:24)
	at org.postgresql.Driver.makeConnection(Driver.java:393)
	at org.postgresql.Driver.connect(Driver.java:267)
	at java.sql.DriverManager.getConnection(DriverManager.java:620)
	at java.sql.DriverManager.getConnection(DriverManager.java:169)
	at org.opennms.netmgt.dao.db.SimpleDataSource.getConnection(SimpleDataSource.java:90)
	at org.opennms.netmgt.dao.db.TemporaryDatabaseTestCase.createTestDatabase(TemporaryDatabaseTestCase.java:270)
	at org.opennms.netmgt.dao.db.TemporaryDatabaseTestCase.setUp(TemporaryDatabaseTestCase.java:137)
	at org.opennms.netmgt.dao.db.PopulatedTemporaryDatabaseTestCase.setUp(PopulatedTemporaryDatabaseTestCase.java:57)
	at org.opennms.netmgt.eventd.processor.JdbcEventWriterTest.setUp(JdbcEventWriterTest.java:51)
	at junit.framework.TestCase.runBare(TestCase.java:132)
	at junit.framework.TestResult$1.protect(TestResult.java:110)
	at junit.framework.TestResult.runProtected(TestResult.java:128)
	at junit.framework.TestResult.run(TestResult.java:113)
	at junit.framework.TestCase.run(TestCase.java:124)
	at junit.framework.TestSuite.runTest(TestSuite.java:243)
	at junit.framework.TestSuite.run(TestSuite.java:238)
	at org.junit.internal.runners.JUnit38ClassRunner.run(JUnit38ClassRunner.java:83)
	at org.apache.maven.surefire.junit4.JUnit4TestSet.execute(JUnit4TestSet.java:59)
	at org.apache.maven.surefire.suite.AbstractDirectoryTestSuite.executeTestSet(AbstractDirectoryTestSuite.java:115)
	at org.apache.maven.surefire.suite.AbstractDirectoryTestSuite.execute(AbstractDirectoryTestSuite.java:140)
	at org.apache.maven.surefire.Surefire.run(Surefire.java:109)
	at sun.reflect.NativeMethodAccessorImpl.invoke0(Native Method)
	at sun.reflect.NativeMethodAccessorImpl.invoke(NativeMethodAccessorImpl.java:57)
	at sun.reflect.DelegatingMethodAccessorImpl.invoke(DelegatingMethodAccessorImpl.java:43)
	at java.lang.reflect.Method.invoke(Method.java:616)
	at org.apache.maven.surefire.booter.SurefireBooter.runSuitesInProcess(SurefireBooter.java:290)
	at org.apache.maven.surefire.booter.SurefireBooter.main(SurefireBooter.java:1017)

testWriteEventDescrWithNull(org.opennms.netmgt.eventd.processor.JdbcEventWriterTest)  Time elapsed: 0.007 sec  <<< ERROR!
org.postgresql.util.PSQLException: FATAL: password authentication failed for user "postgres"
	at org.postgresql.core.v3.ConnectionFactoryImpl.doAuthentication(ConnectionFactoryImpl.java:291)
	at org.postgresql.core.v3.ConnectionFactoryImpl.openConnectionImpl(ConnectionFactoryImpl.java:108)
	at org.postgresql.core.ConnectionFactory.openConnection(ConnectionFactory.java:66)
	at org.postgresql.jdbc2.AbstractJdbc2Connection.<init>(AbstractJdbc2Connection.java:125)
	at org.postgresql.jdbc3.AbstractJdbc3Connection.<init>(AbstractJdbc3Connection.java:30)
	at org.postgresql.jdbc3.Jdbc3Connection.<init>(Jdbc3Connection.java:24)
	at org.postgresql.Driver.makeConnection(Driver.java:393)
	at org.postgresql.Driver.connect(Driver.java:267)
	at java.sql.DriverManager.getConnection(DriverManager.java:620)
	at java.sql.DriverManager.getConnection(DriverManager.java:169)
	at org.opennms.netmgt.dao.db.SimpleDataSource.getConnection(SimpleDataSource.java:90)
	at org.opennms.netmgt.dao.db.TemporaryDatabaseTestCase.createTestDatabase(TemporaryDatabaseTestCase.java:270)
	at org.opennms.netmgt.dao.db.TemporaryDatabaseTestCase.setUp(TemporaryDatabaseTestCase.java:137)
	at org.opennms.netmgt.dao.db.PopulatedTemporaryDatabaseTestCase.setUp(PopulatedTemporaryDatabaseTestCase.java:57)
	at org.opennms.netmgt.eventd.processor.JdbcEventWriterTest.setUp(JdbcEventWriterTest.java:51)
	at junit.framework.TestCase.runBare(TestCase.java:132)
	at junit.framework.TestResult$1.protect(TestResult.java:110)
	at junit.framework.TestResult.runProtected(TestResult.java:128)
	at junit.framework.TestResult.run(TestResult.java:113)
	at junit.framework.TestCase.run(TestCase.java:124)
	at junit.framework.TestSuite.runTest(TestSuite.java:243)
	at junit.framework.TestSuite.run(TestSuite.java:238)
	at org.junit.internal.runners.JUnit38ClassRunner.run(JUnit38ClassRunner.java:83)
	at org.apache.maven.surefire.junit4.JUnit4TestSet.execute(JUnit4TestSet.java:59)
	at org.apache.maven.surefire.suite.AbstractDirectoryTestSuite.executeTestSet(AbstractDirectoryTestSuite.java:115)
	at org.apache.maven.surefire.suite.AbstractDirectoryTestSuite.execute(AbstractDirectoryTestSuite.java:140)
	at org.apache.maven.surefire.Surefire.run(Surefire.java:109)
	at sun.reflect.NativeMethodAccessorImpl.invoke0(Native Method)
	at sun.reflect.NativeMethodAccessorImpl.invoke(NativeMethodAccessorImpl.java:57)
	at sun.reflect.DelegatingMethodAccessorImpl.invoke(DelegatingMethodAccessorImpl.java:43)
	at java.lang.reflect.Method.invoke(Method.java:616)
	at org.apache.maven.surefire.booter.SurefireBooter.runSuitesInProcess(SurefireBooter.java:290)
	at org.apache.maven.surefire.booter.SurefireBooter.main(SurefireBooter.java:1017)

testWriteEventLogmsgWithNull(org.opennms.netmgt.eventd.processor.JdbcEventWriterTest)  Time elapsed: 0.004 sec  <<< ERROR!
org.postgresql.util.PSQLException: FATAL: password authentication failed for user "postgres"
	at org.postgresql.core.v3.ConnectionFactoryImpl.doAuthentication(ConnectionFactoryImpl.java:291)
	at org.postgresql.core.v3.ConnectionFactoryImpl.openConnectionImpl(ConnectionFactoryImpl.java:108)
	at org.postgresql.core.ConnectionFactory.openConnection(ConnectionFactory.java:66)
	at org.postgresql.jdbc2.AbstractJdbc2Connection.<init>(AbstractJdbc2Connection.java:125)
	at org.postgresql.jdbc3.AbstractJdbc3Connection.<init>(AbstractJdbc3Connection.java:30)
	at org.postgresql.jdbc3.Jdbc3Connection.<init>(Jdbc3Connection.java:24)
	at org.postgresql.Driver.makeConnection(Driver.java:393)
	at org.postgresql.Driver.connect(Driver.java:267)
	at java.sql.DriverManager.getConnection(DriverManager.java:620)
	at java.sql.DriverManager.getConnection(DriverManager.java:169)
	at org.opennms.netmgt.dao.db.SimpleDataSource.getConnection(SimpleDataSource.java:90)
	at org.opennms.netmgt.dao.db.TemporaryDatabaseTestCase.createTestDatabase(TemporaryDatabaseTestCase.java:270)
	at org.opennms.netmgt.dao.db.TemporaryDatabaseTestCase.setUp(TemporaryDatabaseTestCase.java:137)
	at org.opennms.netmgt.dao.db.PopulatedTemporaryDatabaseTestCase.setUp(PopulatedTemporaryDatabaseTestCase.java:57)
	at org.opennms.netmgt.eventd.processor.JdbcEventWriterTest.setUp(JdbcEventWriterTest.java:51)
	at junit.framework.TestCase.runBare(TestCase.java:132)
	at junit.framework.TestResult$1.protect(TestResult.java:110)
	at junit.framework.TestResult.runProtected(TestResult.java:128)
	at junit.framework.TestResult.run(TestResult.java:113)
	at junit.framework.TestCase.run(TestCase.java:124)
	at junit.framework.TestSuite.runTest(TestSuite.java:243)
	at junit.framework.TestSuite.run(TestSuite.java:238)
	at org.junit.internal.runners.JUnit38ClassRunner.run(JUnit38ClassRunner.java:83)
	at org.apache.maven.surefire.junit4.JUnit4TestSet.execute(JUnit4TestSet.java:59)
	at org.apache.maven.surefire.suite.AbstractDirectoryTestSuite.executeTestSet(AbstractDirectoryTestSuite.java:115)
	at org.apache.maven.surefire.suite.AbstractDirectoryTestSuite.execute(AbstractDirectoryTestSuite.java:140)
	at org.apache.maven.surefire.Surefire.run(Surefire.java:109)
	at sun.reflect.NativeMethodAccessorImpl.invoke0(Native Method)
	at sun.reflect.NativeMethodAccessorImpl.invoke(NativeMethodAccessorImpl.java:57)
	at sun.reflect.DelegatingMethodAccessorImpl.invoke(DelegatingMethodAccessorImpl.java:43)
	at java.lang.reflect.Method.invoke(Method.java:616)
	at org.apache.maven.surefire.booter.SurefireBooter.runSuitesInProcess(SurefireBooter.java:290)
	at org.apache.maven.surefire.booter.SurefireBooter.main(SurefireBooter.java:1017)

testGetEventHostWithNullHost(org.opennms.netmgt.eventd.processor.JdbcEventWriterTest)  Time elapsed: 0.003 sec  <<< ERROR!
org.postgresql.util.PSQLException: FATAL: password authentication failed for user "postgres"
	at org.postgresql.core.v3.ConnectionFactoryImpl.doAuthentication(ConnectionFactoryImpl.java:291)
	at org.postgresql.core.v3.ConnectionFactoryImpl.openConnectionImpl(ConnectionFactoryImpl.java:108)
	at org.postgresql.core.ConnectionFactory.openConnection(ConnectionFactory.java:66)
	at org.postgresql.jdbc2.AbstractJdbc2Connection.<init>(AbstractJdbc2Connection.java:125)
	at org.postgresql.jdbc3.AbstractJdbc3Connection.<init>(AbstractJdbc3Connection.java:30)
	at org.postgresql.jdbc3.Jdbc3Connection.<init>(Jdbc3Connection.java:24)
	at org.postgresql.Driver.makeConnection(Driver.java:393)
	at org.postgresql.Driver.connect(Driver.java:267)
	at java.sql.DriverManager.getConnection(DriverManager.java:620)
	at java.sql.DriverManager.getConnection(DriverManager.java:169)
	at org.opennms.netmgt.dao.db.SimpleDataSource.getConnection(SimpleDataSource.java:90)
	at org.opennms.netmgt.dao.db.TemporaryDatabaseTestCase.createTestDatabase(TemporaryDatabaseTestCase.java:270)
	at org.opennms.netmgt.dao.db.TemporaryDatabaseTestCase.setUp(TemporaryDatabaseTestCase.java:137)
	at org.opennms.netmgt.dao.db.PopulatedTemporaryDatabaseTestCase.setUp(PopulatedTemporaryDatabaseTestCase.java:57)
	at org.opennms.netmgt.eventd.processor.JdbcEventWriterTest.setUp(JdbcEventWriterTest.java:51)
	at junit.framework.TestCase.runBare(TestCase.java:132)
	at junit.framework.TestResult$1.protect(TestResult.java:110)
	at junit.framework.TestResult.runProtected(TestResult.java:128)
	at junit.framework.TestResult.run(TestResult.java:113)
	at junit.framework.TestCase.run(TestCase.java:124)
	at junit.framework.TestSuite.runTest(TestSuite.java:243)
	at junit.framework.TestSuite.run(TestSuite.java:238)
	at org.junit.internal.runners.JUnit38ClassRunner.run(JUnit38ClassRunner.java:83)
	at org.apache.maven.surefire.junit4.JUnit4TestSet.execute(JUnit4TestSet.java:59)
	at org.apache.maven.surefire.suite.AbstractDirectoryTestSuite.executeTestSet(AbstractDirectoryTestSuite.java:115)
	at org.apache.maven.surefire.suite.AbstractDirectoryTestSuite.execute(AbstractDirectoryTestSuite.java:140)
	at org.apache.maven.surefire.Surefire.run(Surefire.java:109)
	at sun.reflect.NativeMethodAccessorImpl.invoke0(Native Method)
	at sun.reflect.NativeMethodAccessorImpl.invoke(NativeMethodAccessorImpl.java:57)
	at sun.reflect.DelegatingMethodAccessorImpl.invoke(DelegatingMethodAccessorImpl.java:43)
	at java.lang.reflect.Method.invoke(Method.java:616)
	at org.apache.maven.surefire.booter.SurefireBooter.runSuitesInProcess(SurefireBooter.java:290)
	at org.apache.maven.surefire.booter.SurefireBooter.main(SurefireBooter.java:1017)

testGetEventHostWithHostNoNodeId(org.opennms.netmgt.eventd.processor.JdbcEventWriterTest)  Time elapsed: 0.003 sec  <<< ERROR!
org.postgresql.util.PSQLException: FATAL: password authentication failed for user "postgres"
	at org.postgresql.core.v3.ConnectionFactoryImpl.doAuthentication(ConnectionFactoryImpl.java:291)
	at org.postgresql.core.v3.ConnectionFactoryImpl.openConnectionImpl(ConnectionFactoryImpl.java:108)
	at org.postgresql.core.ConnectionFactory.openConnection(ConnectionFactory.java:66)
	at org.postgresql.jdbc2.AbstractJdbc2Connection.<init>(AbstractJdbc2Connection.java:125)
	at org.postgresql.jdbc3.AbstractJdbc3Connection.<init>(AbstractJdbc3Connection.java:30)
	at org.postgresql.jdbc3.Jdbc3Connection.<init>(Jdbc3Connection.java:24)
	at org.postgresql.Driver.makeConnection(Driver.java:393)
	at org.postgresql.Driver.connect(Driver.java:267)
	at java.sql.DriverManager.getConnection(DriverManager.java:620)
	at java.sql.DriverManager.getConnection(DriverManager.java:169)
	at org.opennms.netmgt.dao.db.SimpleDataSource.getConnection(SimpleDataSource.java:90)
	at org.opennms.netmgt.dao.db.TemporaryDatabaseTestCase.createTestDatabase(TemporaryDatabaseTestCase.java:270)
	at org.opennms.netmgt.dao.db.TemporaryDatabaseTestCase.setUp(TemporaryDatabaseTestCase.java:137)
	at org.opennms.netmgt.dao.db.PopulatedTemporaryDatabaseTestCase.setUp(PopulatedTemporaryDatabaseTestCase.java:57)
	at org.opennms.netmgt.eventd.processor.JdbcEventWriterTest.setUp(JdbcEventWriterTest.java:51)
	at junit.framework.TestCase.runBare(TestCase.java:132)
	at junit.framework.TestResult$1.protect(TestResult.java:110)
	at junit.framework.TestResult.runProtected(TestResult.java:128)
	at junit.framework.TestResult.run(TestResult.java:113)
	at junit.framework.TestCase.run(TestCase.java:124)
	at junit.framework.TestSuite.runTest(TestSuite.java:243)
	at junit.framework.TestSuite.run(TestSuite.java:238)
	at org.junit.internal.runners.JUnit38ClassRunner.run(JUnit38ClassRunner.java:83)
	at org.apache.maven.surefire.junit4.JUnit4TestSet.execute(JUnit4TestSet.java:59)
	at org.apache.maven.surefire.suite.AbstractDirectoryTestSuite.executeTestSet(AbstractDirectoryTestSuite.java:115)
	at org.apache.maven.surefire.suite.AbstractDirectoryTestSuite.execute(AbstractDirectoryTestSuite.java:140)
	at org.apache.maven.surefire.Surefire.run(Surefire.java:109)
	at sun.reflect.NativeMethodAccessorImpl.invoke0(Native Method)
	at sun.reflect.NativeMethodAccessorImpl.invoke(NativeMethodAccessorImpl.java:57)
	at sun.reflect.DelegatingMethodAccessorImpl.invoke(DelegatingMethodAccessorImpl.java:43)
	at java.lang.reflect.Method.invoke(Method.java:616)
	at org.apache.maven.surefire.booter.SurefireBooter.runSuitesInProcess(SurefireBooter.java:290)
	at org.apache.maven.surefire.booter.SurefireBooter.main(SurefireBooter.java:1017)

testGetEventHostWithOneMatch(org.opennms.netmgt.eventd.processor.JdbcEventWriterTest)  Time elapsed: 0.004 sec  <<< ERROR!
org.postgresql.util.PSQLException: FATAL: password authentication failed for user "postgres"
	at org.postgresql.core.v3.ConnectionFactoryImpl.doAuthentication(ConnectionFactoryImpl.java:291)
	at org.postgresql.core.v3.ConnectionFactoryImpl.openConnectionImpl(ConnectionFactoryImpl.java:108)
	at org.postgresql.core.ConnectionFactory.openConnection(ConnectionFactory.java:66)
	at org.postgresql.jdbc2.AbstractJdbc2Connection.<init>(AbstractJdbc2Connection.java:125)
	at org.postgresql.jdbc3.AbstractJdbc3Connection.<init>(AbstractJdbc3Connection.java:30)
	at org.postgresql.jdbc3.Jdbc3Connection.<init>(Jdbc3Connection.java:24)
	at org.postgresql.Driver.makeConnection(Driver.java:393)
	at org.postgresql.Driver.connect(Driver.java:267)
	at java.sql.DriverManager.getConnection(DriverManager.java:620)
	at java.sql.DriverManager.getConnection(DriverManager.java:169)
	at org.opennms.netmgt.dao.db.SimpleDataSource.getConnection(SimpleDataSource.java:90)
	at org.opennms.netmgt.dao.db.TemporaryDatabaseTestCase.createTestDatabase(TemporaryDatabaseTestCase.java:270)
	at org.opennms.netmgt.dao.db.TemporaryDatabaseTestCase.setUp(TemporaryDatabaseTestCase.java:137)
	at org.opennms.netmgt.dao.db.PopulatedTemporaryDatabaseTestCase.setUp(PopulatedTemporaryDatabaseTestCase.java:57)
	at org.opennms.netmgt.eventd.processor.JdbcEventWriterTest.setUp(JdbcEventWriterTest.java:51)
	at junit.framework.TestCase.runBare(TestCase.java:132)
	at junit.framework.TestResult$1.protect(TestResult.java:110)
	at junit.framework.TestResult.runProtected(TestResult.java:128)
	at junit.framework.TestResult.run(TestResult.java:113)
	at junit.framework.TestCase.run(TestCase.java:124)
	at junit.framework.TestSuite.runTest(TestSuite.java:243)
	at junit.framework.TestSuite.run(TestSuite.java:238)
	at org.junit.internal.runners.JUnit38ClassRunner.run(JUnit38ClassRunner.java:83)
	at org.apache.maven.surefire.junit4.JUnit4TestSet.execute(JUnit4TestSet.java:59)
	at org.apache.maven.surefire.suite.AbstractDirectoryTestSuite.executeTestSet(AbstractDirectoryTestSuite.java:115)
	at org.apache.maven.surefire.suite.AbstractDirectoryTestSuite.execute(AbstractDirectoryTestSuite.java:140)
	at org.apache.maven.surefire.Surefire.run(Surefire.java:109)
	at sun.reflect.NativeMethodAccessorImpl.invoke0(Native Method)
	at sun.reflect.NativeMethodAccessorImpl.invoke(NativeMethodAccessorImpl.java:57)
	at sun.reflect.DelegatingMethodAccessorImpl.invoke(DelegatingMethodAccessorImpl.java:43)
	at java.lang.reflect.Method.invoke(Method.java:616)
	at org.apache.maven.surefire.booter.SurefireBooter.runSuitesInProcess(SurefireBooter.java:290)
	at org.apache.maven.surefire.booter.SurefireBooter.main(SurefireBooter.java:1017)

testGetHostNameWithOneMatch(org.opennms.netmgt.eventd.processor.JdbcEventWriterTest)  Time elapsed: 0.004 sec  <<< ERROR!
org.postgresql.util.PSQLException: FATAL: password authentication failed for user "postgres"
	at org.postgresql.core.v3.ConnectionFactoryImpl.doAuthentication(ConnectionFactoryImpl.java:291)
	at org.postgresql.core.v3.ConnectionFactoryImpl.openConnectionImpl(ConnectionFactoryImpl.java:108)
	at org.postgresql.core.ConnectionFactory.openConnection(ConnectionFactory.java:66)
	at org.postgresql.jdbc2.AbstractJdbc2Connection.<init>(AbstractJdbc2Connection.java:125)
	at org.postgresql.jdbc3.AbstractJdbc3Connection.<init>(AbstractJdbc3Connection.java:30)
	at org.postgresql.jdbc3.Jdbc3Connection.<init>(Jdbc3Connection.java:24)
	at org.postgresql.Driver.makeConnection(Driver.java:393)
	at org.postgresql.Driver.connect(Driver.java:267)
	at java.sql.DriverManager.getConnection(DriverManager.java:620)
	at java.sql.DriverManager.getConnection(DriverManager.java:169)
	at org.opennms.netmgt.dao.db.SimpleDataSource.getConnection(SimpleDataSource.java:90)
	at org.opennms.netmgt.dao.db.TemporaryDatabaseTestCase.createTestDatabase(TemporaryDatabaseTestCase.java:270)
	at org.opennms.netmgt.dao.db.TemporaryDatabaseTestCase.setUp(TemporaryDatabaseTestCase.java:137)
	at org.opennms.netmgt.dao.db.PopulatedTemporaryDatabaseTestCase.setUp(PopulatedTemporaryDatabaseTestCase.java:57)
	at org.opennms.netmgt.eventd.processor.JdbcEventWriterTest.setUp(JdbcEventWriterTest.java:51)
	at junit.framework.TestCase.runBare(TestCase.java:132)
	at junit.framework.TestResult$1.protect(TestResult.java:110)
	at junit.framework.TestResult.runProtected(TestResult.java:128)
	at junit.framework.TestResult.run(TestResult.java:113)
	at junit.framework.TestCase.run(TestCase.java:124)
	at junit.framework.TestSuite.runTest(TestSuite.java:243)
	at junit.framework.TestSuite.run(TestSuite.java:238)
	at org.junit.internal.runners.JUnit38ClassRunner.run(JUnit38ClassRunner.java:83)
	at org.apache.maven.surefire.junit4.JUnit4TestSet.execute(JUnit4TestSet.java:59)
	at org.apache.maven.surefire.suite.AbstractDirectoryTestSuite.executeTestSet(AbstractDirectoryTestSuite.java:115)
	at org.apache.maven.surefire.suite.AbstractDirectoryTestSuite.execute(AbstractDirectoryTestSuite.java:140)
	at org.apache.maven.surefire.Surefire.run(Surefire.java:109)
	at sun.reflect.NativeMethodAccessorImpl.invoke0(Native Method)
	at sun.reflect.NativeMethodAccessorImpl.invoke(NativeMethodAccessorImpl.java:57)
	at sun.reflect.DelegatingMethodAccessorImpl.invoke(DelegatingMethodAccessorImpl.java:43)
	at java.lang.reflect.Method.invoke(Method.java:616)
	at org.apache.maven.surefire.booter.SurefireBooter.runSuitesInProcess(SurefireBooter.java:290)
	at org.apache.maven.surefire.booter.SurefireBooter.main(SurefireBooter.java:1017)

testGetHostNameWithOneMatchNullHostname(org.opennms.netmgt.eventd.processor.JdbcEventWriterTest)  Time elapsed: 0.009 sec  <<< ERROR!
org.postgresql.util.PSQLException: FATAL: password authentication failed for user "postgres"
	at org.postgresql.core.v3.ConnectionFactoryImpl.doAuthentication(ConnectionFactoryImpl.java:291)
	at org.postgresql.core.v3.ConnectionFactoryImpl.openConnectionImpl(ConnectionFactoryImpl.java:108)
	at org.postgresql.core.ConnectionFactory.openConnection(ConnectionFactory.java:66)
	at org.postgresql.jdbc2.AbstractJdbc2Connection.<init>(AbstractJdbc2Connection.java:125)
	at org.postgresql.jdbc3.AbstractJdbc3Connection.<init>(AbstractJdbc3Connection.java:30)
	at org.postgresql.jdbc3.Jdbc3Connection.<init>(Jdbc3Connection.java:24)
	at org.postgresql.Driver.makeConnection(Driver.java:393)
	at org.postgresql.Driver.connect(Driver.java:267)
	at java.sql.DriverManager.getConnection(DriverManager.java:620)
	at java.sql.DriverManager.getConnection(DriverManager.java:169)
	at org.opennms.netmgt.dao.db.SimpleDataSource.getConnection(SimpleDataSource.java:90)
	at org.opennms.netmgt.dao.db.TemporaryDatabaseTestCase.createTestDatabase(TemporaryDatabaseTestCase.java:270)
	at org.opennms.netmgt.dao.db.TemporaryDatabaseTestCase.setUp(TemporaryDatabaseTestCase.java:137)
	at org.opennms.netmgt.dao.db.PopulatedTemporaryDatabaseTestCase.setUp(PopulatedTemporaryDatabaseTestCase.java:57)
	at org.opennms.netmgt.eventd.processor.JdbcEventWriterTest.setUp(JdbcEventWriterTest.java:51)
	at junit.framework.TestCase.runBare(TestCase.java:132)
	at junit.framework.TestResult$1.protect(TestResult.java:110)
	at junit.framework.TestResult.runProtected(TestResult.java:128)
	at junit.framework.TestResult.run(TestResult.java:113)
	at junit.framework.TestCase.run(TestCase.java:124)
	at junit.framework.TestSuite.runTest(TestSuite.java:243)
	at junit.framework.TestSuite.run(TestSuite.java:238)
	at org.junit.internal.runners.JUnit38ClassRunner.run(JUnit38ClassRunner.java:83)
	at org.apache.maven.surefire.junit4.JUnit4TestSet.execute(JUnit4TestSet.java:59)
	at org.apache.maven.surefire.suite.AbstractDirectoryTestSuite.executeTestSet(AbstractDirectoryTestSuite.java:115)
	at org.apache.maven.surefire.suite.AbstractDirectoryTestSuite.execute(AbstractDirectoryTestSuite.java:140)
	at org.apache.maven.surefire.Surefire.run(Surefire.java:109)
	at sun.reflect.NativeMethodAccessorImpl.invoke0(Native Method)
	at sun.reflect.NativeMethodAccessorImpl.invoke(NativeMethodAccessorImpl.java:57)
	at sun.reflect.DelegatingMethodAccessorImpl.invoke(DelegatingMethodAccessorImpl.java:43)
	at java.lang.reflect.Method.invoke(Method.java:616)
	at org.apache.maven.surefire.booter.SurefireBooter.runSuitesInProcess(SurefireBooter.java:290)
	at org.apache.maven.surefire.booter.SurefireBooter.main(SurefireBooter.java:1017)

testGetHostNameWithTwoMatch(org.opennms.netmgt.eventd.processor.JdbcEventWriterTest)  Time elapsed: 0.004 sec  <<< ERROR!
org.postgresql.util.PSQLException: FATAL: password authentication failed for user "postgres"
	at org.postgresql.core.v3.ConnectionFactoryImpl.doAuthentication(ConnectionFactoryImpl.java:291)
	at org.postgresql.core.v3.ConnectionFactoryImpl.openConnectionImpl(ConnectionFactoryImpl.java:108)
	at org.postgresql.core.ConnectionFactory.openConnection(ConnectionFactory.java:66)
	at org.postgresql.jdbc2.AbstractJdbc2Connection.<init>(AbstractJdbc2Connection.java:125)
	at org.postgresql.jdbc3.AbstractJdbc3Connection.<init>(AbstractJdbc3Connection.java:30)
	at org.postgresql.jdbc3.Jdbc3Connection.<init>(Jdbc3Connection.java:24)
	at org.postgresql.Driver.makeConnection(Driver.java:393)
	at org.postgresql.Driver.connect(Driver.java:267)
	at java.sql.DriverManager.getConnection(DriverManager.java:620)
	at java.sql.DriverManager.getConnection(DriverManager.java:169)
	at org.opennms.netmgt.dao.db.SimpleDataSource.getConnection(SimpleDataSource.java:90)
	at org.opennms.netmgt.dao.db.TemporaryDatabaseTestCase.createTestDatabase(TemporaryDatabaseTestCase.java:270)
	at org.opennms.netmgt.dao.db.TemporaryDatabaseTestCase.setUp(TemporaryDatabaseTestCase.java:137)
	at org.opennms.netmgt.dao.db.PopulatedTemporaryDatabaseTestCase.setUp(PopulatedTemporaryDatabaseTestCase.java:57)
	at org.opennms.netmgt.eventd.processor.JdbcEventWriterTest.setUp(JdbcEventWriterTest.java:51)
	at junit.framework.TestCase.runBare(TestCase.java:132)
	at junit.framework.TestResult$1.protect(TestResult.java:110)
	at junit.framework.TestResult.runProtected(TestResult.java:128)
	at junit.framework.TestResult.run(TestResult.java:113)
	at junit.framework.TestCase.run(TestCase.java:124)
	at junit.framework.TestSuite.runTest(TestSuite.java:243)
	at junit.framework.TestSuite.run(TestSuite.java:238)
	at org.junit.internal.runners.JUnit38ClassRunner.run(JUnit38ClassRunner.java:83)
	at org.apache.maven.surefire.junit4.JUnit4TestSet.execute(JUnit4TestSet.java:59)
	at org.apache.maven.surefire.suite.AbstractDirectoryTestSuite.executeTestSet(AbstractDirectoryTestSuite.java:115)
	at org.apache.maven.surefire.suite.AbstractDirectoryTestSuite.execute(AbstractDirectoryTestSuite.java:140)
	at org.apache.maven.surefire.Surefire.run(Surefire.java:109)
	at sun.reflect.NativeMethodAccessorImpl.invoke0(Native Method)
	at sun.reflect.NativeMethodAccessorImpl.invoke(NativeMethodAccessorImpl.java:57)
	at sun.reflect.DelegatingMethodAccessorImpl.invoke(DelegatingMethodAccessorImpl.java:43)
	at java.lang.reflect.Method.invoke(Method.java:616)
	at org.apache.maven.surefire.booter.SurefireBooter.runSuitesInProcess(SurefireBooter.java:290)
	at org.apache.maven.surefire.booter.SurefireBooter.main(SurefireBooter.java:1017)

testGetHostNameWithNoHostMatch(org.opennms.netmgt.eventd.processor.JdbcEventWriterTest)  Time elapsed: 0.006 sec  <<< ERROR!
org.postgresql.util.PSQLException: FATAL: password authentication failed for user "postgres"
	at org.postgresql.core.v3.ConnectionFactoryImpl.doAuthentication(ConnectionFactoryImpl.java:291)
	at org.postgresql.core.v3.ConnectionFactoryImpl.openConnectionImpl(ConnectionFactoryImpl.java:108)
	at org.postgresql.core.ConnectionFactory.openConnection(ConnectionFactory.java:66)
	at org.postgresql.jdbc2.AbstractJdbc2Connection.<init>(AbstractJdbc2Connection.java:125)
	at org.postgresql.jdbc3.AbstractJdbc3Connection.<init>(AbstractJdbc3Connection.java:30)
	at org.postgresql.jdbc3.Jdbc3Connection.<init>(Jdbc3Connection.java:24)
	at org.postgresql.Driver.makeConnection(Driver.java:393)
	at org.postgresql.Driver.connect(Driver.java:267)
	at java.sql.DriverManager.getConnection(DriverManager.java:620)
	at java.sql.DriverManager.getConnection(DriverManager.java:169)
	at org.opennms.netmgt.dao.db.SimpleDataSource.getConnection(SimpleDataSource.java:90)
	at org.opennms.netmgt.dao.db.TemporaryDatabaseTestCase.createTestDatabase(TemporaryDatabaseTestCase.java:270)
	at org.opennms.netmgt.dao.db.TemporaryDatabaseTestCase.setUp(TemporaryDatabaseTestCase.java:137)
	at org.opennms.netmgt.dao.db.PopulatedTemporaryDatabaseTestCase.setUp(PopulatedTemporaryDatabaseTestCase.java:57)
	at org.opennms.netmgt.eventd.processor.JdbcEventWriterTest.setUp(JdbcEventWriterTest.java:51)
	at junit.framework.TestCase.runBare(TestCase.java:132)
	at junit.framework.TestResult$1.protect(TestResult.java:110)
	at junit.framework.TestResult.runProtected(TestResult.java:128)
	at junit.framework.TestResult.run(TestResult.java:113)
	at junit.framework.TestCase.run(TestCase.java:124)
	at junit.framework.TestSuite.runTest(TestSuite.java:243)
	at junit.framework.TestSuite.run(TestSuite.java:238)
	at org.junit.internal.runners.JUnit38ClassRunner.run(JUnit38ClassRunner.java:83)
	at org.apache.maven.surefire.junit4.JUnit4TestSet.execute(JUnit4TestSet.java:59)
	at org.apache.maven.surefire.suite.AbstractDirectoryTestSuite.executeTestSet(AbstractDirectoryTestSuite.java:115)
	at org.apache.maven.surefire.suite.AbstractDirectoryTestSuite.execute(AbstractDirectoryTestSuite.java:140)
	at org.apache.maven.surefire.Surefire.run(Surefire.java:109)
	at sun.reflect.NativeMethodAccessorImpl.invoke0(Native Method)
	at sun.reflect.NativeMethodAccessorImpl.invoke(NativeMethodAccessorImpl.java:57)
	at sun.reflect.DelegatingMethodAccessorImpl.invoke(DelegatingMethodAccessorImpl.java:43)
	at java.lang.reflect.Method.invoke(Method.java:616)
	at org.apache.maven.surefire.booter.SurefireBooter.runSuitesInProcess(SurefireBooter.java:290)
	at org.apache.maven.surefire.booter.SurefireBooter.main(SurefireBooter.java:1017)

testSendEventWithService(org.opennms.netmgt.eventd.processor.JdbcEventWriterTest)  Time elapsed: 0.004 sec  <<< ERROR!
org.postgresql.util.PSQLException: FATAL: password authentication failed for user "postgres"
	at org.postgresql.core.v3.ConnectionFactoryImpl.doAuthentication(ConnectionFactoryImpl.java:291)
	at org.postgresql.core.v3.ConnectionFactoryImpl.openConnectionImpl(ConnectionFactoryImpl.java:108)
	at org.postgresql.core.ConnectionFactory.openConnection(ConnectionFactory.java:66)
	at org.postgresql.jdbc2.AbstractJdbc2Connection.<init>(AbstractJdbc2Connection.java:125)
	at org.postgresql.jdbc3.AbstractJdbc3Connection.<init>(AbstractJdbc3Connection.java:30)
	at org.postgresql.jdbc3.Jdbc3Connection.<init>(Jdbc3Connection.java:24)
	at org.postgresql.Driver.makeConnection(Driver.java:393)
	at org.postgresql.Driver.connect(Driver.java:267)
	at java.sql.DriverManager.getConnection(DriverManager.java:620)
	at java.sql.DriverManager.getConnection(DriverManager.java:169)
	at org.opennms.netmgt.dao.db.SimpleDataSource.getConnection(SimpleDataSource.java:90)
	at org.opennms.netmgt.dao.db.TemporaryDatabaseTestCase.createTestDatabase(TemporaryDatabaseTestCase.java:270)
	at org.opennms.netmgt.dao.db.TemporaryDatabaseTestCase.setUp(TemporaryDatabaseTestCase.java:137)
	at org.opennms.netmgt.dao.db.PopulatedTemporaryDatabaseTestCase.setUp(PopulatedTemporaryDatabaseTestCase.java:57)
	at org.opennms.netmgt.eventd.processor.JdbcEventWriterTest.setUp(JdbcEventWriterTest.java:51)
	at junit.framework.TestCase.runBare(TestCase.java:132)
	at junit.framework.TestResult$1.protect(TestResult.java:110)
	at junit.framework.TestResult.runProtected(TestResult.java:128)
	at junit.framework.TestResult.run(TestResult.java:113)
	at junit.framework.TestCase.run(TestCase.java:124)
	at junit.framework.TestSuite.runTest(TestSuite.java:243)
	at junit.framework.TestSuite.run(TestSuite.java:238)
	at org.junit.internal.runners.JUnit38ClassRunner.run(JUnit38ClassRunner.java:83)
	at org.apache.maven.surefire.junit4.JUnit4TestSet.execute(JUnit4TestSet.java:59)
	at org.apache.maven.surefire.suite.AbstractDirectoryTestSuite.executeTestSet(AbstractDirectoryTestSuite.java:115)
	at org.apache.maven.surefire.suite.AbstractDirectoryTestSuite.execute(AbstractDirectoryTestSuite.java:140)
	at org.apache.maven.surefire.Surefire.run(Surefire.java:109)
	at sun.reflect.NativeMethodAccessorImpl.invoke0(Native Method)
	at sun.reflect.NativeMethodAccessorImpl.invoke(NativeMethodAccessorImpl.java:57)
	at sun.reflect.DelegatingMethodAccessorImpl.invoke(DelegatingMethodAccessorImpl.java:43)
	at java.lang.reflect.Method.invoke(Method.java:616)
	at org.apache.maven.surefire.booter.SurefireBooter.runSuitesInProcess(SurefireBooter.java:290)
	at org.apache.maven.surefire.booter.SurefireBooter.main(SurefireBooter.java:1017)

testNothing(org.opennms.netmgt.eventd.processor.JdbcEventWriterTest)  Time elapsed: 0.006 sec  <<< ERROR!
org.postgresql.util.PSQLException: FATAL: password authentication failed for user "postgres"
	at org.postgresql.core.v3.ConnectionFactoryImpl.doAuthentication(ConnectionFactoryImpl.java:291)
	at org.postgresql.core.v3.ConnectionFactoryImpl.openConnectionImpl(ConnectionFactoryImpl.java:108)
	at org.postgresql.core.ConnectionFactory.openConnection(ConnectionFactory.java:66)
	at org.postgresql.jdbc2.AbstractJdbc2Connection.<init>(AbstractJdbc2Connection.java:125)
	at org.postgresql.jdbc3.AbstractJdbc3Connection.<init>(AbstractJdbc3Connection.java:30)
	at org.postgresql.jdbc3.Jdbc3Connection.<init>(Jdbc3Connection.java:24)
	at org.postgresql.Driver.makeConnection(Driver.java:393)
	at org.postgresql.Driver.connect(Driver.java:267)
	at java.sql.DriverManager.getConnection(DriverManager.java:620)
	at java.sql.DriverManager.getConnection(DriverManager.java:169)
	at org.opennms.netmgt.dao.db.SimpleDataSource.getConnection(SimpleDataSource.java:90)
	at org.opennms.netmgt.dao.db.TemporaryDatabaseTestCase.createTestDatabase(TemporaryDatabaseTestCase.java:270)
	at org.opennms.netmgt.dao.db.TemporaryDatabaseTestCase.setUp(TemporaryDatabaseTestCase.java:137)
	at org.opennms.netmgt.dao.db.PopulatedTemporaryDatabaseTestCase.setUp(PopulatedTemporaryDatabaseTestCase.java:57)
	at org.opennms.netmgt.eventd.processor.JdbcEventWriterTest.setUp(JdbcEventWriterTest.java:51)
	at junit.framework.TestCase.runBare(TestCase.java:132)
	at junit.framework.TestResult$1.protect(TestResult.java:110)
	at junit.framework.TestResult.runProtected(TestResult.java:128)
	at junit.framework.TestResult.run(TestResult.java:113)
	at junit.framework.TestCase.run(TestCase.java:124)
	at junit.framework.TestSuite.runTest(TestSuite.java:243)
	at junit.framework.TestSuite.run(TestSuite.java:238)
	at org.junit.internal.runners.JUnit38ClassRunner.run(JUnit38ClassRunner.java:83)
	at org.apache.maven.surefire.junit4.JUnit4TestSet.execute(JUnit4TestSet.java:59)
	at org.apache.maven.surefire.suite.AbstractDirectoryTestSuite.executeTestSet(AbstractDirectoryTestSuite.java:115)
	at org.apache.maven.surefire.suite.AbstractDirectoryTestSuite.execute(AbstractDirectoryTestSuite.java:140)
	at org.apache.maven.surefire.Surefire.run(Surefire.java:109)
	at sun.reflect.NativeMethodAccessorImpl.invoke0(Native Method)
	at sun.reflect.NativeMethodAccessorImpl.invoke(NativeMethodAccessorImpl.java:57)
	at sun.reflect.DelegatingMethodAccessorImpl.invoke(DelegatingMethodAccessorImpl.java:43)
	at java.lang.reflect.Method.invoke(Method.java:616)
	at org.apache.maven.surefire.booter.SurefireBooter.runSuitesInProcess(SurefireBooter.java:290)
	at org.apache.maven.surefire.booter.SurefireBooter.main(SurefireBooter.java:1017)

