<?xml version="1.0" encoding="UTF-8" ?>
<testsuite failures="0" time="0.476" errors="0" skipped="0" tests="4" name="org.opennms.netmgt.poller.remote.PollerTest">
  <properties>
[...]
</properties>
  <testcase time="0.35" classname="org.opennms.netmgt.poller.remote.PollerTest" name="testSchedule"/>
  <testcase time="0.002" classname="org.opennms.netmgt.poller.remote.PollerTest" name="testReschedule"/>
  <testcase time="0.006" classname="org.opennms.netmgt.poller.remote.PollerTest" name="testIPv6Schedule"/>
  <testcase time="0.005" classname="org.opennms.netmgt.poller.remote.PollerTest" name="testIPv6Reschedule"/>
</testsuite>