<?xml version="1.0" encoding="UTF-8" ?>
<testsuite failures="0" time="33.413" errors="0" skipped="0" tests="23" name="org.opennms.netmgt.trapd.Snmp4JTrapHandlerTest">
  <properties>
[...]
</properties>
  <testcase time="3.971" classname="org.opennms.netmgt.trapd.Snmp4JTrapHandlerTest" name="testV1TrapNewSuspect"/>
  <testcase time="1.921" classname="org.opennms.netmgt.trapd.Snmp4JTrapHandlerTest" name="testV2TrapNewSuspect"/>
  <testcase time="1.715" classname="org.opennms.netmgt.trapd.Snmp4JTrapHandlerTest" name="testV1EnterpriseIdAndGenericMatch"/>
  <testcase time="1.402" classname="org.opennms.netmgt.trapd.Snmp4JTrapHandlerTest" name="testV2EnterpriseIdAndGenericAndSpecificMatch"/>
  <testcase time="1.317" classname="org.opennms.netmgt.trapd.Snmp4JTrapHandlerTest" name="testV2EnterpriseIdAndGenericAndSpecificMissWithExtraZeros"/>
  <testcase time="1.238" classname="org.opennms.netmgt.trapd.Snmp4JTrapHandlerTest" name="testV1EnterpriseIdAndGenericAndSpecificMissWithWrongGeneric"/>
  <testcase time="1.329" classname="org.opennms.netmgt.trapd.Snmp4JTrapHandlerTest" name="testV1EnterpriseIdAndGenericAndSpecificMissWithWrongSpecific"/>
  <testcase time="1.262" classname="org.opennms.netmgt.trapd.Snmp4JTrapHandlerTest" name="testV1GenericMatch"/>
  <testcase time="1.217" classname="org.opennms.netmgt.trapd.Snmp4JTrapHandlerTest" name="testV2GenericMatch"/>
  <testcase time="1.236" classname="org.opennms.netmgt.trapd.Snmp4JTrapHandlerTest" name="testV1TrapDroppedEvent"/>
  <testcase time="1.186" classname="org.opennms.netmgt.trapd.Snmp4JTrapHandlerTest" name="testV2TrapDroppedEvent"/>
  <testcase time="1.253" classname="org.opennms.netmgt.trapd.Snmp4JTrapHandlerTest" name="testV1TrapDefaultEvent"/>
  <testcase time="1.197" classname="org.opennms.netmgt.trapd.Snmp4JTrapHandlerTest" name="testV2TrapDefaultEvent"/>
  <testcase time="1.354" classname="org.opennms.netmgt.trapd.Snmp4JTrapHandlerTest" name="testV1EnterpriseIdAndGenericAndSpecificAndMatchWithVarbindsAndTC"/>
  <testcase time="1.358" classname="org.opennms.netmgt.trapd.Snmp4JTrapHandlerTest" name="testV1TrapNoNewSuspect"/>
  <testcase time="1.192" classname="org.opennms.netmgt.trapd.Snmp4JTrapHandlerTest" name="testV2TrapNoNewSuspect"/>
  <testcase time="1.188" classname="org.opennms.netmgt.trapd.Snmp4JTrapHandlerTest" name="testV1EnterpriseIdAndGenericAndSpecificAndMatchWithVarbinds"/>
  <testcase time="1.185" classname="org.opennms.netmgt.trapd.Snmp4JTrapHandlerTest" name="testV2EnterpriseIdAndGenericAndSpecificAndMatchWithVarbinds"/>
  <testcase time="1.166" classname="org.opennms.netmgt.trapd.Snmp4JTrapHandlerTest" name="testV2EnterpriseIdAndGenericAndSpecificAndMatchWithVarbindsAndTC"/>
  <testcase time="1.214" classname="org.opennms.netmgt.trapd.Snmp4JTrapHandlerTest" name="testV2EnterpriseIdAndGenericAndSpecificMatchWithZero"/>
  <testcase time="1.3" classname="org.opennms.netmgt.trapd.Snmp4JTrapHandlerTest" name="testNodeGainedModifiesIpMgr"/>
  <testcase time="1.306" classname="org.opennms.netmgt.trapd.Snmp4JTrapHandlerTest" name="testInterfaceReparentedModifiesIpMgr"/>
  <testcase time="1.357" classname="org.opennms.netmgt.trapd.Snmp4JTrapHandlerTest" name="testInterfaceDeletedModifiesIpMgr"/>
</testsuite>