<?xml version="1.0" encoding="UTF-8" ?>
<testsuite failures="0" time="0.404" errors="0" skipped="0" tests="35" name="org.opennms.netmgt.threshd.ThresholdEvaluatorHighLowTest">
  <properties>
[...]
</properties>
  <testcase time="0.034" classname="org.opennms.netmgt.threshd.ThresholdEvaluatorHighLowTest" name="testConstructorThresholdNull"/>
  <testcase time="0.072" classname="org.opennms.netmgt.threshd.ThresholdEvaluatorHighLowTest" name="testGetEventForStateDefaultUEIS"/>
  <testcase time="0.001" classname="org.opennms.netmgt.threshd.ThresholdEvaluatorHighLowTest" name="testGetEventForStateCustomUEIS"/>
  <testcase time="0" classname="org.opennms.netmgt.threshd.ThresholdEvaluatorHighLowTest" name="testConstructorThresholdNoType"/>
  <testcase time="0" classname="org.opennms.netmgt.threshd.ThresholdEvaluatorHighLowTest" name="testConstructorThresholdNoDsName"/>
  <testcase time="0" classname="org.opennms.netmgt.threshd.ThresholdEvaluatorHighLowTest" name="testConstructorThresholdNoDsType"/>
  <testcase time="0.001" classname="org.opennms.netmgt.threshd.ThresholdEvaluatorHighLowTest" name="testConstructorThresholdNoValue"/>
  <testcase time="0" classname="org.opennms.netmgt.threshd.ThresholdEvaluatorHighLowTest" name="testConstructorThresholdNoRearm"/>
  <testcase time="0" classname="org.opennms.netmgt.threshd.ThresholdEvaluatorHighLowTest" name="testConstructorThresholdNoTrigger"/>
  <testcase time="0.162" classname="org.opennms.netmgt.threshd.ThresholdEvaluatorHighLowTest" name="testEvaluateHighNoTrigger"/>
  <testcase time="0.001" classname="org.opennms.netmgt.threshd.ThresholdEvaluatorHighLowTest" name="testEvaluateHighTriggerOnce"/>
  <testcase time="0.001" classname="org.opennms.netmgt.threshd.ThresholdEvaluatorHighLowTest" name="testEvaluateHighNoTriggerTwice"/>
  <testcase time="0.001" classname="org.opennms.netmgt.threshd.ThresholdEvaluatorHighLowTest" name="testEvaluateHighTriggerTwice"/>
  <testcase time="0.002" classname="org.opennms.netmgt.threshd.ThresholdEvaluatorHighLowTest" name="testEvaluateHighTriggerTwiceNoRetrigger"/>
  <testcase time="0.001" classname="org.opennms.netmgt.threshd.ThresholdEvaluatorHighLowTest" name="testEvaluateHighTriggerRearm"/>
  <testcase time="0.005" classname="org.opennms.netmgt.threshd.ThresholdEvaluatorHighLowTest" name="testEvaluateHighTriggerRearmTriggerAgain"/>
  <testcase time="0" classname="org.opennms.netmgt.threshd.ThresholdEvaluatorHighLowTest" name="testEvaluateLowTriggerOnce"/>
  <testcase time="0.001" classname="org.opennms.netmgt.threshd.ThresholdEvaluatorHighLowTest" name="testIsThresholdExceededHighTriggeredAbove"/>
  <testcase time="0.001" classname="org.opennms.netmgt.threshd.ThresholdEvaluatorHighLowTest" name="testIsThresholdExceededHighTriggeredEqual"/>
  <testcase time="0" classname="org.opennms.netmgt.threshd.ThresholdEvaluatorHighLowTest" name="testIsThresholdExceededHighNotTriggeredBelow"/>
  <testcase time="0" classname="org.opennms.netmgt.threshd.ThresholdEvaluatorHighLowTest" name="testIsThresholdExceededLowTriggeredBelow"/>
  <testcase time="0" classname="org.opennms.netmgt.threshd.ThresholdEvaluatorHighLowTest" name="testIsThresholdExceededLowTriggeredEqual"/>
  <testcase time="0" classname="org.opennms.netmgt.threshd.ThresholdEvaluatorHighLowTest" name="testIsThresholdExceededLowNotTriggeredAbove"/>
  <testcase time="0.001" classname="org.opennms.netmgt.threshd.ThresholdEvaluatorHighLowTest" name="testIsThresholdExceededBogusType"/>
  <testcase time="0.007" classname="org.opennms.netmgt.threshd.ThresholdEvaluatorHighLowTest" name="testIsRearmExceededHighTriggeredBelow"/>
  <testcase time="0" classname="org.opennms.netmgt.threshd.ThresholdEvaluatorHighLowTest" name="testIsRearmExceededHighTriggeredEqual"/>
  <testcase time="0" classname="org.opennms.netmgt.threshd.ThresholdEvaluatorHighLowTest" name="testIsRearmExceededHighNoTriggeredAbove"/>
  <testcase time="0" classname="org.opennms.netmgt.threshd.ThresholdEvaluatorHighLowTest" name="testIsRearmExceededLowTriggeredAbove"/>
  <testcase time="0.001" classname="org.opennms.netmgt.threshd.ThresholdEvaluatorHighLowTest" name="testIsRearmExceededLowTriggeredEqual"/>
  <testcase time="0.001" classname="org.opennms.netmgt.threshd.ThresholdEvaluatorHighLowTest" name="testIsRearmExceededLowNoTriggeredBelow"/>
  <testcase time="0.001" classname="org.opennms.netmgt.threshd.ThresholdEvaluatorHighLowTest" name="testIsRearmExceededBogusType"/>
  <testcase time="0.001" classname="org.opennms.netmgt.threshd.ThresholdEvaluatorHighLowTest" name="testIsTriggerCountExceededAtTriggerValueOne"/>
  <testcase time="0" classname="org.opennms.netmgt.threshd.ThresholdEvaluatorHighLowTest" name="testIsTriggerCountExceededNotAtTriggerValueTwo"/>
  <testcase time="0.001" classname="org.opennms.netmgt.threshd.ThresholdEvaluatorHighLowTest" name="testIsTriggerCountExceededNotAfterReArm"/>
  <testcase time="0" classname="org.opennms.netmgt.threshd.ThresholdEvaluatorHighLowTest" name="testDoNothing"/>
</testsuite>