<?xml version="1.0" encoding="UTF-8" ?>
<testsuite failures="0" time="0.892" errors="3" skipped="0" tests="3" name="org.opennms.netmgt.config.PollerConfigFactoryTest">
  <properties>
[...]
</properties>
  <testcase time="0.633" classname="org.opennms.netmgt.config.PollerConfigFactoryTest" name="testPollerConfigFactory">
    <error message="FATAL: password authentication failed for user &quot;postgres&quot;" type="org.postgresql.util.PSQLException">org.postgresql.util.PSQLException: FATAL: password authentication failed for user &quot;postgres&quot;
	at org.postgresql.core.v3.ConnectionFactoryImpl.doAuthentication(ConnectionFactoryImpl.java:291)
	at org.postgresql.core.v3.ConnectionFactoryImpl.openConnectionImpl(ConnectionFactoryImpl.java:108)
	at org.postgresql.core.ConnectionFactory.openConnection(ConnectionFactory.java:66)
	at org.postgresql.jdbc2.AbstractJdbc2Connection.&lt;init&gt;(AbstractJdbc2Connection.java:125)
	at org.postgresql.jdbc3.AbstractJdbc3Connection.&lt;init&gt;(AbstractJdbc3Connection.java:30)
	at org.postgresql.jdbc3.Jdbc3Connection.&lt;init&gt;(Jdbc3Connection.java:24)
	at org.postgresql.Driver.makeConnection(Driver.java:393)
	at org.postgresql.Driver.connect(Driver.java:267)
	at java.sql.DriverManager.getConnection(DriverManager.java:620)
	at java.sql.DriverManager.getConnection(DriverManager.java:169)
	at org.opennms.netmgt.dao.db.SimpleDataSource.getConnection(SimpleDataSource.java:90)
	at org.opennms.netmgt.dao.db.TemporaryDatabase.createTestDatabase(TemporaryDatabase.java:289)
	at org.opennms.netmgt.dao.db.TemporaryDatabase.setupDatabase(TemporaryDatabase.java:277)
	at org.opennms.netmgt.dao.db.TemporaryDatabase.create(TemporaryDatabase.java:133)
	at org.opennms.netmgt.mock.MockDatabase.&lt;init&gt;(MockDatabase.java:76)
	at org.opennms.netmgt.mock.MockDatabase.&lt;init&gt;(MockDatabase.java:61)
	at org.opennms.netmgt.config.PollerConfigFactoryTest.setUp(PollerConfigFactoryTest.java:126)
	at junit.framework.TestCase.runBare(TestCase.java:132)
	at junit.framework.TestResult$1.protect(TestResult.java:110)
	at junit.framework.TestResult.runProtected(TestResult.java:128)
	at junit.framework.TestResult.run(TestResult.java:113)
	at junit.framework.TestCase.run(TestCase.java:124)
	at junit.framework.TestSuite.runTest(TestSuite.java:243)
	at junit.framework.TestSuite.run(TestSuite.java:238)
	at org.junit.internal.runners.JUnit38ClassRunner.run(JUnit38ClassRunner.java:83)
	at org.apache.maven.surefire.junit4.JUnit4TestSet.execute(JUnit4TestSet.java:59)
	at org.apache.maven.surefire.suite.AbstractDirectoryTestSuite.executeTestSet(AbstractDirectoryTestSuite.java:115)
	at org.apache.maven.surefire.suite.AbstractDirectoryTestSuite.execute(AbstractDirectoryTestSuite.java:140)
	at org.apache.maven.surefire.Surefire.run(Surefire.java:109)
	at sun.reflect.NativeMethodAccessorImpl.invoke0(Native Method)
	at sun.reflect.NativeMethodAccessorImpl.invoke(NativeMethodAccessorImpl.java:57)
	at sun.reflect.DelegatingMethodAccessorImpl.invoke(DelegatingMethodAccessorImpl.java:43)
	at java.lang.reflect.Method.invoke(Method.java:616)
	at org.apache.maven.surefire.booter.SurefireBooter.runSuitesInProcess(SurefireBooter.java:290)
	at org.apache.maven.surefire.booter.SurefireBooter.main(SurefireBooter.java:1017)
</error>
  </testcase>
  <testcase time="0.048" classname="org.opennms.netmgt.config.PollerConfigFactoryTest" name="testInterfaceInPackage">
    <error message="FATAL: password authentication failed for user &quot;postgres&quot;" type="org.postgresql.util.PSQLException">org.postgresql.util.PSQLException: FATAL: password authentication failed for user &quot;postgres&quot;
	at org.postgresql.core.v3.ConnectionFactoryImpl.doAuthentication(ConnectionFactoryImpl.java:291)
	at org.postgresql.core.v3.ConnectionFactoryImpl.openConnectionImpl(ConnectionFactoryImpl.java:108)
	at org.postgresql.core.ConnectionFactory.openConnection(ConnectionFactory.java:66)
	at org.postgresql.jdbc2.AbstractJdbc2Connection.&lt;init&gt;(AbstractJdbc2Connection.java:125)
	at org.postgresql.jdbc3.AbstractJdbc3Connection.&lt;init&gt;(AbstractJdbc3Connection.java:30)
	at org.postgresql.jdbc3.Jdbc3Connection.&lt;init&gt;(Jdbc3Connection.java:24)
	at org.postgresql.Driver.makeConnection(Driver.java:393)
	at org.postgresql.Driver.connect(Driver.java:267)
	at java.sql.DriverManager.getConnection(DriverManager.java:620)
	at java.sql.DriverManager.getConnection(DriverManager.java:169)
	at org.opennms.netmgt.dao.db.SimpleDataSource.getConnection(SimpleDataSource.java:90)
	at org.opennms.netmgt.dao.db.TemporaryDatabase.createTestDatabase(TemporaryDatabase.java:289)
	at org.opennms.netmgt.dao.db.TemporaryDatabase.setupDatabase(TemporaryDatabase.java:277)
	at org.opennms.netmgt.dao.db.TemporaryDatabase.create(TemporaryDatabase.java:133)
	at org.opennms.netmgt.mock.MockDatabase.&lt;init&gt;(MockDatabase.java:76)
	at org.opennms.netmgt.mock.MockDatabase.&lt;init&gt;(MockDatabase.java:61)
	at org.opennms.netmgt.config.PollerConfigFactoryTest.setUp(PollerConfigFactoryTest.java:126)
	at junit.framework.TestCase.runBare(TestCase.java:132)
	at junit.framework.TestResult$1.protect(TestResult.java:110)
	at junit.framework.TestResult.runProtected(TestResult.java:128)
	at junit.framework.TestResult.run(TestResult.java:113)
	at junit.framework.TestCase.run(TestCase.java:124)
	at junit.framework.TestSuite.runTest(TestSuite.java:243)
	at junit.framework.TestSuite.run(TestSuite.java:238)
	at org.junit.internal.runners.JUnit38ClassRunner.run(JUnit38ClassRunner.java:83)
	at org.apache.maven.surefire.junit4.JUnit4TestSet.execute(JUnit4TestSet.java:59)
	at org.apache.maven.surefire.suite.AbstractDirectoryTestSuite.executeTestSet(AbstractDirectoryTestSuite.java:115)
	at org.apache.maven.surefire.suite.AbstractDirectoryTestSuite.execute(AbstractDirectoryTestSuite.java:140)
	at org.apache.maven.surefire.Surefire.run(Surefire.java:109)
	at sun.reflect.NativeMethodAccessorImpl.invoke0(Native Method)
	at sun.reflect.NativeMethodAccessorImpl.invoke(NativeMethodAccessorImpl.java:57)
	at sun.reflect.DelegatingMethodAccessorImpl.invoke(DelegatingMethodAccessorImpl.java:43)
	at java.lang.reflect.Method.invoke(Method.java:616)
	at org.apache.maven.surefire.booter.SurefireBooter.runSuitesInProcess(SurefireBooter.java:290)
	at org.apache.maven.surefire.booter.SurefireBooter.main(SurefireBooter.java:1017)
</error>
  </testcase>
  <testcase time="0.115" classname="org.opennms.netmgt.config.PollerConfigFactoryTest" name="testSpecific">
    <error message="FATAL: password authentication failed for user &quot;postgres&quot;" type="org.postgresql.util.PSQLException">org.postgresql.util.PSQLException: FATAL: password authentication failed for user &quot;postgres&quot;
	at org.postgresql.core.v3.ConnectionFactoryImpl.doAuthentication(ConnectionFactoryImpl.java:291)
	at org.postgresql.core.v3.ConnectionFactoryImpl.openConnectionImpl(ConnectionFactoryImpl.java:108)
	at org.postgresql.core.ConnectionFactory.openConnection(ConnectionFactory.java:66)
	at org.postgresql.jdbc2.AbstractJdbc2Connection.&lt;init&gt;(AbstractJdbc2Connection.java:125)
	at org.postgresql.jdbc3.AbstractJdbc3Connection.&lt;init&gt;(AbstractJdbc3Connection.java:30)
	at org.postgresql.jdbc3.Jdbc3Connection.&lt;init&gt;(Jdbc3Connection.java:24)
	at org.postgresql.Driver.makeConnection(Driver.java:393)
	at org.postgresql.Driver.connect(Driver.java:267)
	at java.sql.DriverManager.getConnection(DriverManager.java:620)
	at java.sql.DriverManager.getConnection(DriverManager.java:169)
	at org.opennms.netmgt.dao.db.SimpleDataSource.getConnection(SimpleDataSource.java:90)
	at org.opennms.netmgt.dao.db.TemporaryDatabase.createTestDatabase(TemporaryDatabase.java:289)
	at org.opennms.netmgt.dao.db.TemporaryDatabase.setupDatabase(TemporaryDatabase.java:277)
	at org.opennms.netmgt.dao.db.TemporaryDatabase.create(TemporaryDatabase.java:133)
	at org.opennms.netmgt.mock.MockDatabase.&lt;init&gt;(MockDatabase.java:76)
	at org.opennms.netmgt.mock.MockDatabase.&lt;init&gt;(MockDatabase.java:61)
	at org.opennms.netmgt.config.PollerConfigFactoryTest.setUp(PollerConfigFactoryTest.java:126)
	at junit.framework.TestCase.runBare(TestCase.java:132)
	at junit.framework.TestResult$1.protect(TestResult.java:110)
	at junit.framework.TestResult.runProtected(TestResult.java:128)
	at junit.framework.TestResult.run(TestResult.java:113)
	at junit.framework.TestCase.run(TestCase.java:124)
	at junit.framework.TestSuite.runTest(TestSuite.java:243)
	at junit.framework.TestSuite.run(TestSuite.java:238)
	at org.junit.internal.runners.JUnit38ClassRunner.run(JUnit38ClassRunner.java:83)
	at org.apache.maven.surefire.junit4.JUnit4TestSet.execute(JUnit4TestSet.java:59)
	at org.apache.maven.surefire.suite.AbstractDirectoryTestSuite.executeTestSet(AbstractDirectoryTestSuite.java:115)
	at org.apache.maven.surefire.suite.AbstractDirectoryTestSuite.execute(AbstractDirectoryTestSuite.java:140)
	at org.apache.maven.surefire.Surefire.run(Surefire.java:109)
	at sun.reflect.NativeMethodAccessorImpl.invoke0(Native Method)
	at sun.reflect.NativeMethodAccessorImpl.invoke(NativeMethodAccessorImpl.java:57)
	at sun.reflect.DelegatingMethodAccessorImpl.invoke(DelegatingMethodAccessorImpl.java:43)
	at java.lang.reflect.Method.invoke(Method.java:616)
	at org.apache.maven.surefire.booter.SurefireBooter.runSuitesInProcess(SurefireBooter.java:290)
	at org.apache.maven.surefire.booter.SurefireBooter.main(SurefireBooter.java:1017)
</error>
  </testcase>
</testsuite>