<?xml version="1.0" encoding="UTF-8" ?>
<testsuite failures="0" time="7.804" errors="0" skipped="0" tests="3" name="org.opennms.netmgt.poller.monitors.TcpMonitorTest">
  <properties>
[...]
</properties>
  <testcase time="6.956" classname="org.opennms.netmgt.poller.monitors.TcpMonitorTest" name="testExternalServerConnection"/>
  <testcase time="0.34" classname="org.opennms.netmgt.poller.monitors.TcpMonitorTest" name="testLocalhostConnection"/>
  <testcase time="0.096" classname="org.opennms.netmgt.poller.monitors.TcpMonitorTest" name="testLocalhostIPv6Connection"/>
</testsuite>