<?xml version="1.0" encoding="UTF-8" ?>
<testsuite failures="1" time="6.546" errors="0" skipped="1" tests="21" name="org.opennms.netmgt.poller.monitors.HttpMonitorTest">
  <properties>
[...]
</properties>
  <testcase time="2.615" classname="org.opennms.netmgt.poller.monitors.HttpMonitorTest" name="testPollStatusReason"/>
  <testcase time="0.501" classname="org.opennms.netmgt.poller.monitors.HttpMonitorTest" name="testResponseRange"/>
  <testcase time="0.112" classname="org.opennms.netmgt.poller.monitors.HttpMonitorTest" name="testResponseRangeIPv6"/>
  <testcase time="0.113" classname="org.opennms.netmgt.poller.monitors.HttpMonitorTest" name="testTimeout">
    <skipped/>
  </testcase>
  <testcase time="0.014" classname="org.opennms.netmgt.poller.monitors.HttpMonitorTest" name="testTimeoutIPv6">
    <failure message="" type="java.lang.AssertionError">java.lang.AssertionError: 
	at org.junit.Assert.fail(Assert.java:91)
	at org.junit.Assert.assertTrue(Assert.java:43)
	at org.junit.Assert.assertTrue(Assert.java:54)
	at org.opennms.netmgt.poller.monitors.HttpMonitorTest.callTestTimeout(HttpMonitorTest.java:237)
	at org.opennms.netmgt.poller.monitors.HttpMonitorTest.testTimeoutIPv6(HttpMonitorTest.java:204)
	at sun.reflect.NativeMethodAccessorImpl.invoke0(Native Method)
	at sun.reflect.NativeMethodAccessorImpl.invoke(NativeMethodAccessorImpl.java:57)
	at sun.reflect.DelegatingMethodAccessorImpl.invoke(DelegatingMethodAccessorImpl.java:43)
	at java.lang.reflect.Method.invoke(Method.java:616)
	at org.junit.runners.model.FrameworkMethod$1.runReflectiveCall(FrameworkMethod.java:44)
	at org.junit.internal.runners.model.ReflectiveCallable.run(ReflectiveCallable.java:15)
	at org.junit.runners.model.FrameworkMethod.invokeExplosively(FrameworkMethod.java:41)
	at org.junit.internal.runners.statements.InvokeMethod.evaluate(InvokeMethod.java:20)
	at org.junit.internal.runners.statements.RunBefores.evaluate(RunBefores.java:28)
	at org.springframework.test.context.junit4.statements.RunBeforeTestMethodCallbacks.evaluate(RunBeforeTestMethodCallbacks.java:74)
	at org.springframework.test.context.junit4.statements.RunAfterTestMethodCallbacks.evaluate(RunAfterTestMethodCallbacks.java:82)
	at org.springframework.test.context.junit4.statements.SpringRepeat.evaluate(SpringRepeat.java:72)
	at org.springframework.test.context.junit4.SpringJUnit4ClassRunner.runChild(SpringJUnit4ClassRunner.java:240)
	at org.opennms.core.test.OpenNMSJUnit4ClassRunner.runChild(OpenNMSJUnit4ClassRunner.java:47)
	at org.junit.runners.ParentRunner$3.run(ParentRunner.java:193)
	at org.junit.runners.ParentRunner$1.schedule(ParentRunner.java:52)
	at org.junit.runners.ParentRunner.runChildren(ParentRunner.java:191)
	at org.junit.runners.ParentRunner.access$000(ParentRunner.java:42)
	at org.junit.runners.ParentRunner$2.evaluate(ParentRunner.java:184)
	at org.springframework.test.context.junit4.statements.RunBeforeTestClassCallbacks.evaluate(RunBeforeTestClassCallbacks.java:61)
	at org.springframework.test.context.junit4.statements.RunAfterTestClassCallbacks.evaluate(RunAfterTestClassCallbacks.java:70)
	at org.junit.runners.ParentRunner.run(ParentRunner.java:236)
	at org.springframework.test.context.junit4.SpringJUnit4ClassRunner.run(SpringJUnit4ClassRunner.java:180)
	at org.apache.maven.surefire.junit4.JUnit4TestSet.execute(JUnit4TestSet.java:59)
	at org.apache.maven.surefire.suite.AbstractDirectoryTestSuite.executeTestSet(AbstractDirectoryTestSuite.java:115)
	at org.apache.maven.surefire.suite.AbstractDirectoryTestSuite.execute(AbstractDirectoryTestSuite.java:140)
	at org.apache.maven.surefire.Surefire.run(Surefire.java:109)
	at sun.reflect.NativeMethodAccessorImpl.invoke0(Native Method)
	at sun.reflect.NativeMethodAccessorImpl.invoke(NativeMethodAccessorImpl.java:57)
	at sun.reflect.DelegatingMethodAccessorImpl.invoke(DelegatingMethodAccessorImpl.java:43)
	at java.lang.reflect.Method.invoke(Method.java:616)
	at org.apache.maven.surefire.booter.SurefireBooter.runSuitesInProcess(SurefireBooter.java:290)
	at org.apache.maven.surefire.booter.SurefireBooter.main(SurefireBooter.java:1017)
</failure>
    <system-out>2013-04-21 16:57:30,361 WARN  [main] org.opennms.netmgt.poller.monitors.HttpMonitor: checkStatus: No route to host exception for address /fd25:28a0:ba2f:6b78:0:0:0:1
java.net.NoRouteToHostException: Network is unreachable
	at java.net.PlainSocketImpl.socketConnect(Native Method)
	at java.net.AbstractPlainSocketImpl.doConnect(AbstractPlainSocketImpl.java:327)
	at java.net.AbstractPlainSocketImpl.connectToAddress(AbstractPlainSocketImpl.java:193)
	at java.net.AbstractPlainSocketImpl.connect(AbstractPlainSocketImpl.java:180)
	at java.net.SocksSocketImpl.connect(SocksSocketImpl.java:384)
	at java.net.Socket.connect(Socket.java:546)
	at org.opennms.netmgt.poller.monitors.HttpMonitor$HttpMonitorClient.connect(HttpMonitor.java:420)
	at org.opennms.netmgt.poller.monitors.HttpMonitor$HttpMonitorClient.access$000(HttpMonitor.java:298)
	at org.opennms.netmgt.poller.monitors.HttpMonitor.poll(HttpMonitor.java:148)
	at org.opennms.netmgt.poller.monitors.HttpMonitorTest.callTestTimeout(HttpMonitorTest.java:233)
	at org.opennms.netmgt.poller.monitors.HttpMonitorTest.testTimeoutIPv6(HttpMonitorTest.java:204)
	at sun.reflect.NativeMethodAccessorImpl.invoke0(Native Method)
	at sun.reflect.NativeMethodAccessorImpl.invoke(NativeMethodAccessorImpl.java:57)
	at sun.reflect.DelegatingMethodAccessorImpl.invoke(DelegatingMethodAccessorImpl.java:43)
	at java.lang.reflect.Method.invoke(Method.java:616)
	at org.junit.runners.model.FrameworkMethod$1.runReflectiveCall(FrameworkMethod.java:44)
	at org.junit.internal.runners.model.ReflectiveCallable.run(ReflectiveCallable.java:15)
	at org.junit.runners.model.FrameworkMethod.invokeExplosively(FrameworkMethod.java:41)
	at org.junit.internal.runners.statements.InvokeMethod.evaluate(InvokeMethod.java:20)
	at org.junit.internal.runners.statements.RunBefores.evaluate(RunBefores.java:28)
	at org.springframework.test.context.junit4.statements.RunBeforeTestMethodCallbacks.evaluate(RunBeforeTestMethodCallbacks.java:74)
	at org.springframework.test.context.junit4.statements.RunAfterTestMethodCallbacks.evaluate(RunAfterTestMethodCallbacks.java:82)
	at org.springframework.test.context.junit4.statements.SpringRepeat.evaluate(SpringRepeat.java:72)
	at org.springframework.test.context.junit4.SpringJUnit4ClassRunner.runChild(SpringJUnit4ClassRunner.java:240)
	at org.opennms.core.test.OpenNMSJUnit4ClassRunner.runChild(OpenNMSJUnit4ClassRunner.java:47)
	at org.junit.runners.ParentRunner$3.run(ParentRunner.java:193)
	at org.junit.runners.ParentRunner$1.schedule(ParentRunner.java:52)
	at org.junit.runners.ParentRunner.runChildren(ParentRunner.java:191)
	at org.junit.runners.ParentRunner.access$000(ParentRunner.java:42)
	at org.junit.runners.ParentRunner$2.evaluate(ParentRunner.java:184)
	at org.springframework.test.context.junit4.statements.RunBeforeTestClassCallbacks.evaluate(RunBeforeTestClassCallbacks.java:61)
	at org.springframework.test.context.junit4.statements.RunAfterTestClassCallbacks.evaluate(RunAfterTestClassCallbacks.java:70)
	at org.junit.runners.ParentRunner.run(ParentRunner.java:236)
	at org.springframework.test.context.junit4.SpringJUnit4ClassRunner.run(SpringJUnit4ClassRunner.java:180)
	at org.apache.maven.surefire.junit4.JUnit4TestSet.execute(JUnit4TestSet.java:59)
	at org.apache.maven.surefire.suite.AbstractDirectoryTestSuite.executeTestSet(AbstractDirectoryTestSuite.java:115)
	at org.apache.maven.surefire.suite.AbstractDirectoryTestSuite.execute(AbstractDirectoryTestSuite.java:140)
	at org.apache.maven.surefire.Surefire.run(Surefire.java:109)
	at sun.reflect.NativeMethodAccessorImpl.invoke0(Native Method)
	at sun.reflect.NativeMethodAccessorImpl.invoke(NativeMethodAccessorImpl.java:57)
	at sun.reflect.DelegatingMethodAccessorImpl.invoke(DelegatingMethodAccessorImpl.java:43)
	at java.lang.reflect.Method.invoke(Method.java:616)
	at org.apache.maven.surefire.booter.SurefireBooter.runSuitesInProcess(SurefireBooter.java:290)
	at org.apache.maven.surefire.booter.SurefireBooter.main(SurefireBooter.java:1017)
2013-04-21 16:57:30,363 WARN  [main] org.opennms.netmgt.poller.monitors.HttpMonitor: checkStatus: No route to host exception for address /fd25:28a0:ba2f:6b78:0:0:0:1
java.net.NoRouteToHostException: Network is unreachable
	at java.net.PlainSocketImpl.socketConnect(Native Method)
	at java.net.AbstractPlainSocketImpl.doConnect(AbstractPlainSocketImpl.java:327)
	at java.net.AbstractPlainSocketImpl.connectToAddress(AbstractPlainSocketImpl.java:193)
	at java.net.AbstractPlainSocketImpl.connect(AbstractPlainSocketImpl.java:180)
	at java.net.SocksSocketImpl.connect(SocksSocketImpl.java:384)
	at java.net.Socket.connect(Socket.java:546)
	at org.opennms.netmgt.poller.monitors.HttpMonitor$HttpMonitorClient.connect(HttpMonitor.java:420)
	at org.opennms.netmgt.poller.monitors.HttpMonitor$HttpMonitorClient.access$000(HttpMonitor.java:298)
	at org.opennms.netmgt.poller.monitors.HttpMonitor.poll(HttpMonitor.java:148)
	at org.opennms.netmgt.poller.monitors.HttpMonitorTest.callTestTimeout(HttpMonitorTest.java:233)
	at org.opennms.netmgt.poller.monitors.HttpMonitorTest.testTimeoutIPv6(HttpMonitorTest.java:204)
	at sun.reflect.NativeMethodAccessorImpl.invoke0(Native Method)
	at sun.reflect.NativeMethodAccessorImpl.invoke(NativeMethodAccessorImpl.java:57)
	at sun.reflect.DelegatingMethodAccessorImpl.invoke(DelegatingMethodAccessorImpl.java:43)
	at java.lang.reflect.Method.invoke(Method.java:616)
	at org.junit.runners.model.FrameworkMethod$1.runReflectiveCall(FrameworkMethod.java:44)
	at org.junit.internal.runners.model.ReflectiveCallable.run(ReflectiveCallable.java:15)
	at org.junit.runners.model.FrameworkMethod.invokeExplosively(FrameworkMethod.java:41)
	at org.junit.internal.runners.statements.InvokeMethod.evaluate(InvokeMethod.java:20)
	at org.junit.internal.runners.statements.RunBefores.evaluate(RunBefores.java:28)
	at org.springframework.test.context.junit4.statements.RunBeforeTestMethodCallbacks.evaluate(RunBeforeTestMethodCallbacks.java:74)
	at org.springframework.test.context.junit4.statements.RunAfterTestMethodCallbacks.evaluate(RunAfterTestMethodCallbacks.java:82)
	at org.springframework.test.context.junit4.statements.SpringRepeat.evaluate(SpringRepeat.java:72)
	at org.springframework.test.context.junit4.SpringJUnit4ClassRunner.runChild(SpringJUnit4ClassRunner.java:240)
	at org.opennms.core.test.OpenNMSJUnit4ClassRunner.runChild(OpenNMSJUnit4ClassRunner.java:47)
	at org.junit.runners.ParentRunner$3.run(ParentRunner.java:193)
	at org.junit.runners.ParentRunner$1.schedule(ParentRunner.java:52)
	at org.junit.runners.ParentRunner.runChildren(ParentRunner.java:191)
	at org.junit.runners.ParentRunner.access$000(ParentRunner.java:42)
	at org.junit.runners.ParentRunner$2.evaluate(ParentRunner.java:184)
	at org.springframework.test.context.junit4.statements.RunBeforeTestClassCallbacks.evaluate(RunBeforeTestClassCallbacks.java:61)
	at org.springframework.test.context.junit4.statements.RunAfterTestClassCallbacks.evaluate(RunAfterTestClassCallbacks.java:70)
	at org.junit.runners.ParentRunner.run(ParentRunner.java:236)
	at org.springframework.test.context.junit4.SpringJUnit4ClassRunner.run(SpringJUnit4ClassRunner.java:180)
	at org.apache.maven.surefire.junit4.JUnit4TestSet.execute(JUnit4TestSet.java:59)
	at org.apache.maven.surefire.suite.AbstractDirectoryTestSuite.executeTestSet(AbstractDirectoryTestSuite.java:115)
	at org.apache.maven.surefire.suite.AbstractDirectoryTestSuite.execute(AbstractDirectoryTestSuite.java:140)
	at org.apache.maven.surefire.Surefire.run(Surefire.java:109)
	at sun.reflect.NativeMethodAccessorImpl.invoke0(Native Method)
	at sun.reflect.NativeMethodAccessorImpl.invoke(NativeMethodAccessorImpl.java:57)
	at sun.reflect.DelegatingMethodAccessorImpl.invoke(DelegatingMethodAccessorImpl.java:43)
	at java.lang.reflect.Method.invoke(Method.java:616)
	at org.apache.maven.surefire.booter.SurefireBooter.runSuitesInProcess(SurefireBooter.java:290)
	at org.apache.maven.surefire.booter.SurefireBooter.main(SurefireBooter.java:1017)
</system-out>
    <system-err>TemporaryDatabaseExecutionListener.prepareTestInstance([TestContext@19bb25a testClass = HttpMonitorTest, locations = array&lt;String&gt;[&apos;classpath:/META-INF/opennms/emptyContext.xml&apos;], testInstance = org.opennms.netmgt.poller.monitors.HttpMonitorTest@1185844, testMethod = [null], testException = [null]])
TemporaryDatabaseExecutionListener.beforeTestMethod([TestContext@19bb25a testClass = HttpMonitorTest, locations = array&lt;String&gt;[&apos;classpath:/META-INF/opennms/emptyContext.xml&apos;], testInstance = org.opennms.netmgt.poller.monitors.HttpMonitorTest@1185844, testMethod = testTimeoutIPv6@HttpMonitorTest, testException = [null]])
TemporaryDatabaseExecutionListener.afterTestMethod([TestContext@19bb25a testClass = HttpMonitorTest, locations = array&lt;String&gt;[&apos;classpath:/META-INF/opennms/emptyContext.xml&apos;], testInstance = org.opennms.netmgt.poller.monitors.HttpMonitorTest@1185844, testMethod = testTimeoutIPv6@HttpMonitorTest, testException = java.lang.AssertionError: ])
</system-err>
  </testcase>
  <testcase time="0.098" classname="org.opennms.netmgt.poller.monitors.HttpMonitorTest" name="testMatchingTextInResponse"/>
  <testcase time="0.092" classname="org.opennms.netmgt.poller.monitors.HttpMonitorTest" name="testMatchingTextInResponseIPv6"/>
  <testcase time="0.006" classname="org.opennms.netmgt.poller.monitors.HttpMonitorTest" name="testBase64Encoding"/>
  <testcase time="0.204" classname="org.opennms.netmgt.poller.monitors.HttpMonitorTest" name="testBasicAuthentication"/>
  <testcase time="0.082" classname="org.opennms.netmgt.poller.monitors.HttpMonitorTest" name="testBasicAuthenticationIPv6"/>
  <testcase time="1.306" classname="org.opennms.netmgt.poller.monitors.HttpMonitorTest" name="testBasicAuthenticationWithHttps"/>
  <testcase time="0.253" classname="org.opennms.netmgt.poller.monitors.HttpMonitorTest" name="testBasicAuthenticationWithHttpsIPv6"/>
  <testcase time="0.089" classname="org.opennms.netmgt.poller.monitors.HttpMonitorTest" name="testWithUrl"/>
  <testcase time="0.081" classname="org.opennms.netmgt.poller.monitors.HttpMonitorTest" name="testWithUrlIPv6"/>
  <testcase time="0.088" classname="org.opennms.netmgt.poller.monitors.HttpMonitorTest" name="testWithInvalidNodelabelHostName"/>
  <testcase time="0.083" classname="org.opennms.netmgt.poller.monitors.HttpMonitorTest" name="testWithInvalidNodelabelHostNameIPv6"/>
  <testcase time="0.108" classname="org.opennms.netmgt.poller.monitors.HttpMonitorTest" name="testPollInInvalidVirtualDomain"/>
  <testcase time="0.08" classname="org.opennms.netmgt.poller.monitors.HttpMonitorTest" name="testPollInInvalidVirtualDomainIPv6"/>
  <testcase time="0.079" classname="org.opennms.netmgt.poller.monitors.HttpMonitorTest" name="testPollValidVirtualDomain"/>
  <testcase time="0.078" classname="org.opennms.netmgt.poller.monitors.HttpMonitorTest" name="testPollValidVirtualDomainIPv6"/>
  <testcase time="0.097" classname="org.opennms.netmgt.poller.monitors.HttpMonitorTest" name="testNMS2702"/>
</testsuite>